2013-04-11 18:08:59.460 [Worker-0] INFO    com.objectaid.uml.model.manage.DiagramManager getFactories: com.objectaid.uml.diagramFactories[ucls]: com.objectaid.uml.cls.model.ClassDiagramFactory@955b77
2013-04-11 18:08:59.516 [Worker-0] INFO    com.objectaid.uml.model.manage.DiagramManager getFactories: com.objectaid.uml.diagramFactories[useq]: com.objectaid.uml.seq.model.SequenceDiagramFactory@2b9f72
2013-04-11 18:08:59.568 [Worker-0] WARNING com.objectaid.uml.util.EclipseHelper loadClass: cannot find com.objectaid.uml.addon.doc.TextLink in [], no license for [com.objectaid.uml.addon]
2013-04-11 18:08:59.569 [Worker-0] WARNING com.objectaid.uml.util.EclipseHelper loadClass: cannot find com.objectaid.uml.addon.doc.TextLinkEditPart in [], no license for [com.objectaid.uml.addon]
2013-04-11 18:08:59.569 [Worker-0] WARNING com.objectaid.uml.util.EclipseHelper loadClass: cannot find com.objectaid.uml.addon.doc.PTextLink in [], no license for [com.objectaid.uml.addon]
2013-04-11 18:08:59.570 [Worker-0] WARNING com.objectaid.uml.util.EclipseHelper loadClass: cannot find com.objectaid.uml.model.diagram.ConnectionEnd in [], no license for [com.objectaid.uml.addon]
2013-04-11 18:08:59.571 [Worker-0] WARNING com.objectaid.uml.util.EclipseHelper loadClass: cannot find com.objectaid.uml.model.persistence.PersistedConnectionEnd in [], no license for [com.objectaid.uml.addon]
2013-04-11 18:08:59.571 [Worker-0] WARNING com.objectaid.uml.util.EclipseHelper loadClass: cannot find com.objectaid.uml.addon.doc.TextNodeDefinition in [com.objectaid.uml.cls], no license for [com.objectaid.uml.addon]
2013-04-11 18:09:00.205 [Worker-0] INFO    com.objectaid.uml.model.manage.LanguageElementManager getLanguageElementFactories: com.objectaid.uml.languageElementFactories: com.objectaid.uml.java.JavaElementFactory
2013-04-11 18:09:33.429 [main] INFO    com.objectaid.uml.util.extend.ExecutableExtensionManager loadExtensions: found com.objectaid.uml.renderFormats=com.objectaid.uml.render.RasterRenderFormat
2013-04-11 18:09:33.433 [main] INFO    com.objectaid.uml.util.extend.ExecutableExtensionManager loadExtensions: found com.objectaid.uml.renderFormats=com.objectaid.uml.render.RasterRenderFormat
2013-04-11 18:09:33.434 [main] INFO    com.objectaid.uml.util.extend.ExecutableExtensionManager loadExtensions: found com.objectaid.uml.renderFormats=com.objectaid.uml.render.IndexedRasterRenderFormat
2013-04-11 18:09:33.435 [main] WARNING com.objectaid.uml.util.EclipseHelper loadClass: cannot find com.objectaid.uml.addon.render.SVGRenderFormat in [], no license for [com.objectaid.uml.addon]
2013-04-11 18:09:33.435 [main] INFO    com.objectaid.uml.util.extend.ExecutableExtensionManager loadExtensions: found com.objectaid.uml.renderFormats=com.objectaid.uml.addon.render.SVGRenderFormat but cannot load class
2013-04-11 18:09:33.435 [main] WARNING com.objectaid.uml.util.EclipseHelper loadClass: cannot find com.objectaid.uml.addon.render.PDFRenderFormat in [], no license for [com.objectaid.uml.addon]
2013-04-11 18:09:33.436 [main] INFO    com.objectaid.uml.util.extend.ExecutableExtensionManager loadExtensions: found com.objectaid.uml.renderFormats=com.objectaid.uml.addon.render.PDFRenderFormat but cannot load class
2013-04-11 18:09:33.687 [main] WARNING com.objectaid.uml.java.ClassifierDependencyCandidateFactory$DependencyVisitor visit: QualifiedName.resolveTypeBinding() failed for lejos.nxt.comm
2013-04-11 18:09:33.885 [main] WARNING com.objectaid.uml.util.EclipseHelper loadClass: cannot find com.objectaid.uml.addon.doc.TextDiagramEditPolicy in [], no license for [com.objectaid.uml.addon]
2013-04-11 18:09:33.907 [main] WARNING com.objectaid.uml.util.EclipseHelper loadClass: cannot find com.objectaid.uml.addon.doc.TextLinkCreationEditPolicy in [], no license for [com.objectaid.uml.addon]
2013-04-11 18:09:33.922 [main] WARNING com.objectaid.uml.util.EclipseHelper loadClass: cannot find com.objectaid.uml.addon.doc.TextLinkCreationEditPolicy in [], no license for [com.objectaid.uml.addon]
2013-04-11 18:09:33.925 [main] WARNING com.objectaid.uml.util.EclipseHelper loadClass: cannot find com.objectaid.uml.addon.doc.TextLinkCreationEditPolicy in [], no license for [com.objectaid.uml.addon]
2013-04-11 18:09:33.962 [main] WARNING com.objectaid.uml.util.EclipseHelper loadClass: cannot find com.objectaid.uml.addon.doc.TextLinkCreationEditPolicy in [], no license for [com.objectaid.uml.addon]
2013-04-11 18:09:33.967 [main] WARNING com.objectaid.uml.util.EclipseHelper loadClass: cannot find com.objectaid.uml.addon.edit.MultiplicityDirectEditPolicy in [], no license for [com.objectaid.uml.addon]
2013-04-11 18:09:33.968 [main] WARNING com.objectaid.uml.util.EclipseHelper loadClass: cannot find com.objectaid.uml.addon.doc.TextLinkCreationEditPolicy in [], no license for [com.objectaid.uml.addon]
2013-04-11 18:09:33.968 [main] WARNING com.objectaid.uml.util.EclipseHelper loadClass: cannot find com.objectaid.uml.addon.doc.TextLinkCreationEditPolicy in [], no license for [com.objectaid.uml.addon]
2013-04-11 18:09:33.968 [main] WARNING com.objectaid.uml.util.EclipseHelper loadClass: cannot find com.objectaid.uml.addon.doc.TextLinkCreationEditPolicy in [], no license for [com.objectaid.uml.addon]
2013-04-11 18:09:33.969 [main] WARNING com.objectaid.uml.util.EclipseHelper loadClass: cannot find com.objectaid.uml.addon.edit.MultiplicityDirectEditPolicy in [], no license for [com.objectaid.uml.addon]
2013-04-11 18:09:33.969 [main] WARNING com.objectaid.uml.util.EclipseHelper loadClass: cannot find com.objectaid.uml.addon.doc.TextLinkCreationEditPolicy in [], no license for [com.objectaid.uml.addon]
2013-04-11 18:09:33.970 [main] WARNING com.objectaid.uml.util.EclipseHelper loadClass: cannot find com.objectaid.uml.addon.edit.MultiplicityDirectEditPolicy in [], no license for [com.objectaid.uml.addon]
2013-04-11 18:09:33.970 [main] WARNING com.objectaid.uml.util.EclipseHelper loadClass: cannot find com.objectaid.uml.addon.doc.TextLinkCreationEditPolicy in [], no license for [com.objectaid.uml.addon]
2013-04-11 18:09:33.971 [main] WARNING com.objectaid.uml.util.EclipseHelper loadClass: cannot find com.objectaid.uml.addon.edit.MultiplicityDirectEditPolicy in [], no license for [com.objectaid.uml.addon]
2013-04-11 18:09:33.971 [main] WARNING com.objectaid.uml.util.EclipseHelper loadClass: cannot find com.objectaid.uml.addon.doc.TextLinkCreationEditPolicy in [], no license for [com.objectaid.uml.addon]
2013-04-11 18:09:33.972 [main] WARNING com.objectaid.uml.util.EclipseHelper loadClass: cannot find com.objectaid.uml.addon.edit.MultiplicityDirectEditPolicy in [], no license for [com.objectaid.uml.addon]
2013-04-11 18:09:33.972 [main] WARNING com.objectaid.uml.util.EclipseHelper loadClass: cannot find com.objectaid.uml.addon.doc.TextLinkCreationEditPolicy in [], no license for [com.objectaid.uml.addon]
2013-04-11 18:09:33.973 [main] WARNING com.objectaid.uml.util.EclipseHelper loadClass: cannot find com.objectaid.uml.addon.edit.MultiplicityDirectEditPolicy in [], no license for [com.objectaid.uml.addon]
2013-04-11 18:09:33.973 [main] WARNING com.objectaid.uml.util.EclipseHelper loadClass: cannot find com.objectaid.uml.addon.doc.TextLinkCreationEditPolicy in [], no license for [com.objectaid.uml.addon]
2013-04-11 18:09:33.974 [main] WARNING com.objectaid.uml.util.EclipseHelper loadClass: cannot find com.objectaid.uml.addon.edit.MultiplicityDirectEditPolicy in [], no license for [com.objectaid.uml.addon]
2013-04-11 18:09:33.974 [main] WARNING com.objectaid.uml.util.EclipseHelper loadClass: cannot find com.objectaid.uml.addon.doc.TextLinkCreationEditPolicy in [], no license for [com.objectaid.uml.addon]
2013-04-11 18:09:33.974 [main] WARNING com.objectaid.uml.util.EclipseHelper loadClass: cannot find com.objectaid.uml.addon.edit.MultiplicityDirectEditPolicy in [], no license for [com.objectaid.uml.addon]
2013-04-11 18:09:33.975 [main] WARNING com.objectaid.uml.util.EclipseHelper loadClass: cannot find com.objectaid.uml.addon.doc.TextLinkCreationEditPolicy in [], no license for [com.objectaid.uml.addon]
2013-04-11 18:09:33.975 [main] WARNING com.objectaid.uml.util.EclipseHelper loadClass: cannot find com.objectaid.uml.addon.edit.MultiplicityDirectEditPolicy in [], no license for [com.objectaid.uml.addon]
2013-04-11 18:09:33.976 [main] WARNING com.objectaid.uml.util.EclipseHelper loadClass: cannot find com.objectaid.uml.addon.doc.TextLinkCreationEditPolicy in [], no license for [com.objectaid.uml.addon]
2013-04-11 18:09:33.976 [main] WARNING com.objectaid.uml.util.EclipseHelper loadClass: cannot find com.objectaid.uml.addon.doc.TextLinkCreationEditPolicy in [], no license for [com.objectaid.uml.addon]
2013-04-11 18:09:33.977 [main] WARNING com.objectaid.uml.util.EclipseHelper loadClass: cannot find com.objectaid.uml.addon.edit.MultiplicityDirectEditPolicy in [], no license for [com.objectaid.uml.addon]
2013-04-11 18:09:33.977 [main] WARNING com.objectaid.uml.util.EclipseHelper loadClass: cannot find com.objectaid.uml.addon.doc.TextLinkCreationEditPolicy in [], no license for [com.objectaid.uml.addon]
2013-04-11 18:09:33.978 [main] WARNING com.objectaid.uml.util.EclipseHelper loadClass: cannot find com.objectaid.uml.addon.edit.MultiplicityDirectEditPolicy in [], no license for [com.objectaid.uml.addon]
2013-04-11 18:09:33.978 [main] WARNING com.objectaid.uml.util.EclipseHelper loadClass: cannot find com.objectaid.uml.addon.doc.TextLinkCreationEditPolicy in [], no license for [com.objectaid.uml.addon]
2013-04-11 18:09:33.979 [main] WARNING com.objectaid.uml.util.EclipseHelper loadClass: cannot find com.objectaid.uml.addon.edit.MultiplicityDirectEditPolicy in [], no license for [com.objectaid.uml.addon]
2013-04-11 18:09:33.979 [main] WARNING com.objectaid.uml.util.EclipseHelper loadClass: cannot find com.objectaid.uml.addon.doc.TextLinkCreationEditPolicy in [], no license for [com.objectaid.uml.addon]
2013-04-11 18:09:33.979 [main] WARNING com.objectaid.uml.util.EclipseHelper loadClass: cannot find com.objectaid.uml.addon.doc.TextLinkCreationEditPolicy in [], no license for [com.objectaid.uml.addon]
2013-04-11 18:09:33.980 [main] WARNING com.objectaid.uml.util.EclipseHelper loadClass: cannot find com.objectaid.uml.addon.edit.MultiplicityDirectEditPolicy in [], no license for [com.objectaid.uml.addon]
2013-04-11 18:09:33.980 [main] WARNING com.objectaid.uml.util.EclipseHelper loadClass: cannot find com.objectaid.uml.addon.doc.TextLinkCreationEditPolicy in [], no license for [com.objectaid.uml.addon]
2013-04-11 18:09:33.981 [main] WARNING com.objectaid.uml.util.EclipseHelper loadClass: cannot find com.objectaid.uml.addon.doc.TextLinkCreationEditPolicy in [], no license for [com.objectaid.uml.addon]
2013-04-11 18:09:33.981 [main] WARNING com.objectaid.uml.util.EclipseHelper loadClass: cannot find com.objectaid.uml.addon.edit.MultiplicityDirectEditPolicy in [], no license for [com.objectaid.uml.addon]
2013-04-11 18:09:33.982 [main] WARNING com.objectaid.uml.util.EclipseHelper loadClass: cannot find com.objectaid.uml.addon.doc.TextLinkCreationEditPolicy in [], no license for [com.objectaid.uml.addon]
2013-04-11 18:09:33.982 [main] WARNING com.objectaid.uml.util.EclipseHelper loadClass: cannot find com.objectaid.uml.addon.edit.MultiplicityDirectEditPolicy in [], no license for [com.objectaid.uml.addon]
2013-04-11 18:09:33.982 [main] WARNING com.objectaid.uml.util.EclipseHelper loadClass: cannot find com.objectaid.uml.addon.doc.TextLinkCreationEditPolicy in [], no license for [com.objectaid.uml.addon]
2013-04-11 18:09:33.984 [main] WARNING com.objectaid.uml.util.EclipseHelper loadClass: cannot find com.objectaid.uml.addon.doc.TextLinkCreationEditPolicy in [], no license for [com.objectaid.uml.addon]
2013-04-11 18:09:33.985 [main] WARNING com.objectaid.uml.util.EclipseHelper loadClass: cannot find com.objectaid.uml.addon.edit.MultiplicityDirectEditPolicy in [], no license for [com.objectaid.uml.addon]
2013-04-11 18:09:33.985 [main] WARNING com.objectaid.uml.util.EclipseHelper loadClass: cannot find com.objectaid.uml.addon.doc.TextLinkCreationEditPolicy in [], no license for [com.objectaid.uml.addon]
2013-04-11 18:09:33.986 [main] WARNING com.objectaid.uml.util.EclipseHelper loadClass: cannot find com.objectaid.uml.addon.doc.TextLinkCreationEditPolicy in [], no license for [com.objectaid.uml.addon]
2013-04-11 18:09:33.987 [main] WARNING com.objectaid.uml.util.EclipseHelper loadClass: cannot find com.objectaid.uml.addon.doc.TextLinkCreationEditPolicy in [], no license for [com.objectaid.uml.addon]
2013-04-11 18:09:33.988 [main] WARNING com.objectaid.uml.util.EclipseHelper loadClass: cannot find com.objectaid.uml.addon.doc.TextLinkCreationEditPolicy in [], no license for [com.objectaid.uml.addon]
2013-04-11 18:09:33.989 [main] WARNING com.objectaid.uml.util.EclipseHelper loadClass: cannot find com.objectaid.uml.addon.edit.MultiplicityDirectEditPolicy in [], no license for [com.objectaid.uml.addon]
2013-04-11 18:09:33.989 [main] WARNING com.objectaid.uml.util.EclipseHelper loadClass: cannot find com.objectaid.uml.addon.doc.TextLinkCreationEditPolicy in [], no license for [com.objectaid.uml.addon]
2013-04-11 18:09:33.990 [main] WARNING com.objectaid.uml.util.EclipseHelper loadClass: cannot find com.objectaid.uml.addon.doc.TextLinkCreationEditPolicy in [], no license for [com.objectaid.uml.addon]
2013-04-11 18:09:33.990 [main] WARNING com.objectaid.uml.util.EclipseHelper loadClass: cannot find com.objectaid.uml.addon.edit.MultiplicityDirectEditPolicy in [], no license for [com.objectaid.uml.addon]
2013-04-11 18:09:33.991 [main] WARNING com.objectaid.uml.util.EclipseHelper loadClass: cannot find com.objectaid.uml.addon.doc.TextLinkCreationEditPolicy in [], no license for [com.objectaid.uml.addon]
2013-04-11 18:09:33.992 [main] WARNING com.objectaid.uml.util.EclipseHelper loadClass: cannot find com.objectaid.uml.addon.doc.TextLinkCreationEditPolicy in [], no license for [com.objectaid.uml.addon]
2013-04-11 18:09:33.993 [main] WARNING com.objectaid.uml.util.EclipseHelper loadClass: cannot find com.objectaid.uml.addon.doc.TextLinkCreationEditPolicy in [], no license for [com.objectaid.uml.addon]
2013-04-11 18:09:33.994 [main] WARNING com.objectaid.uml.util.EclipseHelper loadClass: cannot find com.objectaid.uml.addon.doc.TextLinkCreationEditPolicy in [], no license for [com.objectaid.uml.addon]
2013-04-11 18:09:33.995 [main] WARNING com.objectaid.uml.util.EclipseHelper loadClass: cannot find com.objectaid.uml.addon.doc.TextLinkCreationEditPolicy in [], no license for [com.objectaid.uml.addon]
2013-04-11 18:09:33.997 [main] WARNING com.objectaid.uml.util.EclipseHelper loadClass: cannot find com.objectaid.uml.addon.doc.TextLinkCreationEditPolicy in [], no license for [com.objectaid.uml.addon]
2013-04-11 18:09:33.998 [main] WARNING com.objectaid.uml.util.EclipseHelper loadClass: cannot find com.objectaid.uml.addon.edit.MultiplicityDirectEditPolicy in [], no license for [com.objectaid.uml.addon]
2013-04-11 18:09:33.998 [main] WARNING com.objectaid.uml.util.EclipseHelper loadClass: cannot find com.objectaid.uml.addon.doc.TextLinkCreationEditPolicy in [], no license for [com.objectaid.uml.addon]
2013-04-11 18:09:34.000 [main] WARNING com.objectaid.uml.util.EclipseHelper loadClass: cannot find com.objectaid.uml.addon.doc.TextLinkCreationEditPolicy in [], no license for [com.objectaid.uml.addon]
2013-04-11 18:09:34.000 [main] WARNING com.objectaid.uml.util.EclipseHelper loadClass: cannot find com.objectaid.uml.addon.edit.MultiplicityDirectEditPolicy in [], no license for [com.objectaid.uml.addon]
2013-04-11 18:09:34.001 [main] WARNING com.objectaid.uml.util.EclipseHelper loadClass: cannot find com.objectaid.uml.addon.doc.TextLinkCreationEditPolicy in [], no license for [com.objectaid.uml.addon]
2013-04-11 18:09:34.001 [main] WARNING com.objectaid.uml.util.EclipseHelper loadClass: cannot find com.objectaid.uml.addon.edit.MultiplicityDirectEditPolicy in [], no license for [com.objectaid.uml.addon]
2013-04-11 18:09:34.002 [main] WARNING com.objectaid.uml.util.EclipseHelper loadClass: cannot find com.objectaid.uml.addon.doc.TextLinkCreationEditPolicy in [], no license for [com.objectaid.uml.addon]
2013-04-11 18:09:34.003 [main] WARNING com.objectaid.uml.util.EclipseHelper loadClass: cannot find com.objectaid.uml.addon.doc.TextLinkCreationEditPolicy in [], no license for [com.objectaid.uml.addon]
2013-04-11 18:09:34.004 [main] WARNING com.objectaid.uml.util.EclipseHelper loadClass: cannot find com.objectaid.uml.addon.doc.TextLinkCreationEditPolicy in [], no license for [com.objectaid.uml.addon]
2013-04-11 18:09:34.005 [main] WARNING com.objectaid.uml.util.EclipseHelper loadClass: cannot find com.objectaid.uml.addon.doc.TextLinkCreationEditPolicy in [], no license for [com.objectaid.uml.addon]
2013-04-11 18:09:34.005 [main] WARNING com.objectaid.uml.util.EclipseHelper loadClass: cannot find com.objectaid.uml.addon.doc.TextLinkCreationEditPolicy in [], no license for [com.objectaid.uml.addon]
2013-04-11 18:09:34.006 [main] WARNING com.objectaid.uml.util.EclipseHelper loadClass: cannot find com.objectaid.uml.addon.doc.TextLinkCreationEditPolicy in [], no license for [com.objectaid.uml.addon]
2013-04-11 18:09:34.007 [main] WARNING com.objectaid.uml.util.EclipseHelper loadClass: cannot find com.objectaid.uml.addon.doc.TextLinkCreationEditPolicy in [], no license for [com.objectaid.uml.addon]
2013-04-11 18:09:34.007 [main] WARNING com.objectaid.uml.util.EclipseHelper loadClass: cannot find com.objectaid.uml.addon.doc.TextLinkCreationEditPolicy in [], no license for [com.objectaid.uml.addon]
2013-04-11 18:09:34.008 [main] WARNING com.objectaid.uml.util.EclipseHelper loadClass: cannot find com.objectaid.uml.addon.edit.MultiplicityDirectEditPolicy in [], no license for [com.objectaid.uml.addon]
2013-04-11 18:09:34.008 [main] WARNING com.objectaid.uml.util.EclipseHelper loadClass: cannot find com.objectaid.uml.addon.doc.TextLinkCreationEditPolicy in [], no license for [com.objectaid.uml.addon]
2013-04-11 18:09:34.009 [main] WARNING com.objectaid.uml.util.EclipseHelper loadClass: cannot find com.objectaid.uml.addon.doc.TextLinkCreationEditPolicy in [], no license for [com.objectaid.uml.addon]
2013-04-11 18:09:34.009 [main] WARNING com.objectaid.uml.util.EclipseHelper loadClass: cannot find com.objectaid.uml.addon.doc.TextLinkCreationEditPolicy in [], no license for [com.objectaid.uml.addon]
2013-04-11 18:09:34.010 [main] WARNING com.objectaid.uml.util.EclipseHelper loadClass: cannot find com.objectaid.uml.addon.doc.TextLinkCreationEditPolicy in [], no license for [com.objectaid.uml.addon]
2013-04-11 18:09:34.011 [main] WARNING com.objectaid.uml.util.EclipseHelper loadClass: cannot find com.objectaid.uml.addon.doc.TextLinkCreationEditPolicy in [], no license for [com.objectaid.uml.addon]
2013-04-11 18:09:34.014 [main] WARNING com.objectaid.uml.util.EclipseHelper loadClass: cannot find com.objectaid.uml.addon.doc.TextLinkCreationEditPolicy in [], no license for [com.objectaid.uml.addon]
2013-04-11 18:09:34.014 [main] WARNING com.objectaid.uml.util.EclipseHelper loadClass: cannot find com.objectaid.uml.addon.edit.MultiplicityDirectEditPolicy in [], no license for [com.objectaid.uml.addon]
2013-04-11 18:09:34.015 [main] WARNING com.objectaid.uml.util.EclipseHelper loadClass: cannot find com.objectaid.uml.addon.doc.TextLinkCreationEditPolicy in [], no license for [com.objectaid.uml.addon]
2013-04-11 18:09:34.015 [main] WARNING com.objectaid.uml.util.EclipseHelper loadClass: cannot find com.objectaid.uml.addon.edit.MultiplicityDirectEditPolicy in [], no license for [com.objectaid.uml.addon]
2013-04-11 18:09:34.015 [main] WARNING com.objectaid.uml.util.EclipseHelper loadClass: cannot find com.objectaid.uml.addon.doc.TextLinkCreationEditPolicy in [], no license for [com.objectaid.uml.addon]
2013-04-11 18:09:34.016 [main] WARNING com.objectaid.uml.util.EclipseHelper loadClass: cannot find com.objectaid.uml.addon.doc.TextLinkCreationEditPolicy in [], no license for [com.objectaid.uml.addon]
2013-04-11 18:09:34.016 [main] WARNING com.objectaid.uml.util.EclipseHelper loadClass: cannot find com.objectaid.uml.addon.edit.MultiplicityDirectEditPolicy in [], no license for [com.objectaid.uml.addon]
2013-04-11 18:09:34.017 [main] WARNING com.objectaid.uml.util.EclipseHelper loadClass: cannot find com.objectaid.uml.addon.doc.TextLinkCreationEditPolicy in [], no license for [com.objectaid.uml.addon]
2013-04-11 18:09:34.017 [main] WARNING com.objectaid.uml.util.EclipseHelper loadClass: cannot find com.objectaid.uml.addon.doc.TextLinkCreationEditPolicy in [], no license for [com.objectaid.uml.addon]
2013-04-11 18:09:34.017 [main] WARNING com.objectaid.uml.util.EclipseHelper loadClass: cannot find com.objectaid.uml.addon.edit.MultiplicityDirectEditPolicy in [], no license for [com.objectaid.uml.addon]
2013-04-11 18:09:34.018 [main] WARNING com.objectaid.uml.util.EclipseHelper loadClass: cannot find com.objectaid.uml.addon.doc.TextLinkCreationEditPolicy in [], no license for [com.objectaid.uml.addon]
2013-04-11 18:09:34.018 [main] WARNING com.objectaid.uml.util.EclipseHelper loadClass: cannot find com.objectaid.uml.addon.doc.TextLinkCreationEditPolicy in [], no license for [com.objectaid.uml.addon]
2013-04-11 18:09:34.019 [main] WARNING com.objectaid.uml.util.EclipseHelper loadClass: cannot find com.objectaid.uml.addon.doc.TextLinkCreationEditPolicy in [], no license for [com.objectaid.uml.addon]
2013-04-11 18:09:34.019 [main] WARNING com.objectaid.uml.util.EclipseHelper loadClass: cannot find com.objectaid.uml.addon.doc.TextLinkCreationEditPolicy in [], no license for [com.objectaid.uml.addon]
2013-04-11 18:09:34.019 [main] WARNING com.objectaid.uml.util.EclipseHelper loadClass: cannot find com.objectaid.uml.addon.doc.TextLinkCreationEditPolicy in [], no license for [com.objectaid.uml.addon]
2013-04-11 18:09:34.020 [main] WARNING com.objectaid.uml.util.EclipseHelper loadClass: cannot find com.objectaid.uml.addon.doc.TextLinkCreationEditPolicy in [], no license for [com.objectaid.uml.addon]
2013-04-11 18:09:34.021 [main] WARNING com.objectaid.uml.util.EclipseHelper loadClass: cannot find com.objectaid.uml.addon.doc.TextLinkCreationEditPolicy in [], no license for [com.objectaid.uml.addon]
2013-04-11 18:09:34.021 [main] WARNING com.objectaid.uml.util.EclipseHelper loadClass: cannot find com.objectaid.uml.addon.doc.TextLinkCreationEditPolicy in [], no license for [com.objectaid.uml.addon]
2013-04-11 18:09:34.022 [main] WARNING com.objectaid.uml.util.EclipseHelper loadClass: cannot find com.objectaid.uml.addon.doc.TextLinkCreationEditPolicy in [], no license for [com.objectaid.uml.addon]
2013-04-11 18:09:34.022 [main] WARNING com.objectaid.uml.util.EclipseHelper loadClass: cannot find com.objectaid.uml.addon.doc.TextLinkCreationEditPolicy in [], no license for [com.objectaid.uml.addon]
2013-04-11 18:09:34.022 [main] WARNING com.objectaid.uml.util.EclipseHelper loadClass: cannot find com.objectaid.uml.addon.doc.TextLinkCreationEditPolicy in [], no license for [com.objectaid.uml.addon]
2013-04-11 18:09:34.023 [main] WARNING com.objectaid.uml.util.EclipseHelper loadClass: cannot find com.objectaid.uml.addon.doc.TextLinkCreationEditPolicy in [], no license for [com.objectaid.uml.addon]
2013-04-11 18:09:34.024 [main] WARNING com.objectaid.uml.util.EclipseHelper loadClass: cannot find com.objectaid.uml.addon.doc.TextLinkCreationEditPolicy in [], no license for [com.objectaid.uml.addon]
2013-04-11 18:09:34.024 [main] WARNING com.objectaid.uml.util.EclipseHelper loadClass: cannot find com.objectaid.uml.addon.doc.TextLinkCreationEditPolicy in [], no license for [com.objectaid.uml.addon]
2013-04-11 18:09:34.025 [main] WARNING com.objectaid.uml.util.EclipseHelper loadClass: cannot find com.objectaid.uml.addon.doc.TextLinkCreationEditPolicy in [], no license for [com.objectaid.uml.addon]
2013-04-11 18:09:34.025 [main] WARNING com.objectaid.uml.util.EclipseHelper loadClass: cannot find com.objectaid.uml.addon.doc.TextLinkCreationEditPolicy in [], no license for [com.objectaid.uml.addon]
2013-04-11 18:09:34.025 [main] WARNING com.objectaid.uml.util.EclipseHelper loadClass: cannot find com.objectaid.uml.addon.doc.TextLinkCreationEditPolicy in [], no license for [com.objectaid.uml.addon]
2013-04-11 18:09:34.026 [main] WARNING com.objectaid.uml.util.EclipseHelper loadClass: cannot find com.objectaid.uml.addon.doc.TextLinkCreationEditPolicy in [], no license for [com.objectaid.uml.addon]
2013-04-11 18:09:34.027 [main] WARNING com.objectaid.uml.util.EclipseHelper loadClass: cannot find com.objectaid.uml.addon.doc.TextLinkCreationEditPolicy in [], no license for [com.objectaid.uml.addon]
2013-04-11 18:09:34.027 [main] WARNING com.objectaid.uml.util.EclipseHelper loadClass: cannot find com.objectaid.uml.addon.doc.TextLinkCreationEditPolicy in [], no license for [com.objectaid.uml.addon]
2013-04-11 18:09:34.027 [main] WARNING com.objectaid.uml.util.EclipseHelper loadClass: cannot find com.objectaid.uml.addon.doc.TextLinkCreationEditPolicy in [], no license for [com.objectaid.uml.addon]
2013-04-11 18:09:34.029 [main] WARNING com.objectaid.uml.util.EclipseHelper loadClass: cannot find com.objectaid.uml.addon.doc.TextLinkCreationEditPolicy in [], no license for [com.objectaid.uml.addon]
2013-04-11 18:09:34.029 [main] WARNING com.objectaid.uml.util.EclipseHelper loadClass: cannot find com.objectaid.uml.addon.edit.MultiplicityDirectEditPolicy in [], no license for [com.objectaid.uml.addon]
2013-04-11 18:09:34.029 [main] WARNING com.objectaid.uml.util.EclipseHelper loadClass: cannot find com.objectaid.uml.addon.doc.TextLinkCreationEditPolicy in [], no license for [com.objectaid.uml.addon]
2013-04-11 18:09:34.030 [main] WARNING com.objectaid.uml.util.EclipseHelper loadClass: cannot find com.objectaid.uml.addon.doc.TextLinkCreationEditPolicy in [], no license for [com.objectaid.uml.addon]
2013-04-11 18:09:34.030 [main] WARNING com.objectaid.uml.util.EclipseHelper loadClass: cannot find com.objectaid.uml.addon.edit.MultiplicityDirectEditPolicy in [], no license for [com.objectaid.uml.addon]
2013-04-11 18:09:34.030 [main] WARNING com.objectaid.uml.util.EclipseHelper loadClass: cannot find com.objectaid.uml.addon.doc.TextLinkCreationEditPolicy in [], no license for [com.objectaid.uml.addon]
2013-04-11 18:09:34.032 [main] WARNING com.objectaid.uml.util.EclipseHelper loadClass: cannot find com.objectaid.uml.addon.doc.TextLinkCreationEditPolicy in [], no license for [com.objectaid.uml.addon]
2013-04-11 18:09:34.032 [main] WARNING com.objectaid.uml.util.EclipseHelper loadClass: cannot find com.objectaid.uml.addon.doc.TextLinkCreationEditPolicy in [], no license for [com.objectaid.uml.addon]
2013-04-11 18:09:34.033 [main] WARNING com.objectaid.uml.util.EclipseHelper loadClass: cannot find com.objectaid.uml.addon.doc.TextLinkCreationEditPolicy in [], no license for [com.objectaid.uml.addon]
2013-04-11 18:09:34.034 [main] WARNING com.objectaid.uml.util.EclipseHelper loadClass: cannot find com.objectaid.uml.addon.edit.MultiplicityDirectEditPolicy in [], no license for [com.objectaid.uml.addon]
2013-04-11 18:09:34.034 [main] WARNING com.objectaid.uml.util.EclipseHelper loadClass: cannot find com.objectaid.uml.addon.doc.TextLinkCreationEditPolicy in [], no license for [com.objectaid.uml.addon]
2013-04-11 18:09:34.035 [main] WARNING com.objectaid.uml.util.EclipseHelper loadClass: cannot find com.objectaid.uml.addon.doc.TextLinkCreationEditPolicy in [], no license for [com.objectaid.uml.addon]
2013-04-11 18:09:34.037 [main] WARNING com.objectaid.uml.util.EclipseHelper loadClass: cannot find com.objectaid.uml.addon.doc.TextLinkCreationEditPolicy in [], no license for [com.objectaid.uml.addon]
2013-04-11 18:09:34.037 [main] WARNING com.objectaid.uml.util.EclipseHelper loadClass: cannot find com.objectaid.uml.addon.edit.MultiplicityDirectEditPolicy in [], no license for [com.objectaid.uml.addon]
2013-04-11 18:09:34.038 [main] WARNING com.objectaid.uml.util.EclipseHelper loadClass: cannot find com.objectaid.uml.addon.doc.TextLinkCreationEditPolicy in [], no license for [com.objectaid.uml.addon]
2013-04-11 18:09:34.038 [main] WARNING com.objectaid.uml.util.EclipseHelper loadClass: cannot find com.objectaid.uml.addon.edit.MultiplicityDirectEditPolicy in [], no license for [com.objectaid.uml.addon]
2013-04-11 18:09:34.038 [main] WARNING com.objectaid.uml.util.EclipseHelper loadClass: cannot find com.objectaid.uml.addon.doc.TextLinkCreationEditPolicy in [], no license for [com.objectaid.uml.addon]
2013-04-11 18:09:34.039 [main] WARNING com.objectaid.uml.util.EclipseHelper loadClass: cannot find com.objectaid.uml.addon.doc.TextLinkCreationEditPolicy in [], no license for [com.objectaid.uml.addon]
2013-04-11 18:09:34.039 [main] WARNING com.objectaid.uml.util.EclipseHelper loadClass: cannot find com.objectaid.uml.addon.doc.TextLinkCreationEditPolicy in [], no license for [com.objectaid.uml.addon]
2013-04-11 18:09:34.040 [main] WARNING com.objectaid.uml.util.EclipseHelper loadClass: cannot find com.objectaid.uml.addon.doc.TextLinkCreationEditPolicy in [], no license for [com.objectaid.uml.addon]
2013-04-11 18:09:34.040 [main] WARNING com.objectaid.uml.util.EclipseHelper loadClass: cannot find com.objectaid.uml.addon.doc.TextLinkCreationEditPolicy in [], no license for [com.objectaid.uml.addon]
2013-04-11 18:09:34.040 [main] WARNING com.objectaid.uml.util.EclipseHelper loadClass: cannot find com.objectaid.uml.addon.doc.TextLinkCreationEditPolicy in [], no license for [com.objectaid.uml.addon]
2013-04-11 18:09:34.040 [main] WARNING com.objectaid.uml.util.EclipseHelper loadClass: cannot find com.objectaid.uml.addon.doc.TextLinkCreationEditPolicy in [], no license for [com.objectaid.uml.addon]
2013-04-11 18:09:34.041 [main] WARNING com.objectaid.uml.util.EclipseHelper loadClass: cannot find com.objectaid.uml.addon.edit.MultiplicityDirectEditPolicy in [], no license for [com.objectaid.uml.addon]
2013-04-11 18:09:34.041 [main] WARNING com.objectaid.uml.util.EclipseHelper loadClass: cannot find com.objectaid.uml.addon.doc.TextLinkCreationEditPolicy in [], no license for [com.objectaid.uml.addon]
2013-04-11 18:09:34.042 [main] WARNING com.objectaid.uml.util.EclipseHelper loadClass: cannot find com.objectaid.uml.addon.doc.TextLinkCreationEditPolicy in [], no license for [com.objectaid.uml.addon]
2013-04-11 18:09:34.042 [main] WARNING com.objectaid.uml.util.EclipseHelper loadClass: cannot find com.objectaid.uml.addon.edit.MultiplicityDirectEditPolicy in [], no license for [com.objectaid.uml.addon]
2013-04-11 18:09:34.043 [main] WARNING com.objectaid.uml.util.EclipseHelper loadClass: cannot find com.objectaid.uml.addon.doc.TextLinkCreationEditPolicy in [], no license for [com.objectaid.uml.addon]
2013-04-11 18:09:34.043 [main] WARNING com.objectaid.uml.util.EclipseHelper loadClass: cannot find com.objectaid.uml.addon.edit.MultiplicityDirectEditPolicy in [], no license for [com.objectaid.uml.addon]
2013-04-11 18:09:34.043 [main] WARNING com.objectaid.uml.util.EclipseHelper loadClass: cannot find com.objectaid.uml.addon.doc.TextLinkCreationEditPolicy in [], no license for [com.objectaid.uml.addon]
2013-04-11 18:09:34.044 [main] WARNING com.objectaid.uml.util.EclipseHelper loadClass: cannot find com.objectaid.uml.addon.doc.TextLinkCreationEditPolicy in [], no license for [com.objectaid.uml.addon]
2013-04-11 18:09:34.045 [main] WARNING com.objectaid.uml.util.EclipseHelper loadClass: cannot find com.objectaid.uml.addon.doc.TextLinkCreationEditPolicy in [], no license for [com.objectaid.uml.addon]
2013-04-11 18:09:34.045 [main] WARNING com.objectaid.uml.util.EclipseHelper loadClass: cannot find com.objectaid.uml.addon.doc.TextLinkCreationEditPolicy in [], no license for [com.objectaid.uml.addon]
2013-04-11 18:09:34.046 [main] WARNING com.objectaid.uml.util.EclipseHelper loadClass: cannot find com.objectaid.uml.addon.doc.TextLinkCreationEditPolicy in [], no license for [com.objectaid.uml.addon]
2013-04-11 18:09:34.046 [main] WARNING com.objectaid.uml.util.EclipseHelper loadClass: cannot find com.objectaid.uml.addon.doc.TextLinkCreationEditPolicy in [], no license for [com.objectaid.uml.addon]
2013-04-11 18:09:34.047 [main] WARNING com.objectaid.uml.util.EclipseHelper loadClass: cannot find com.objectaid.uml.addon.doc.TextLinkCreationEditPolicy in [], no license for [com.objectaid.uml.addon]
2013-04-11 18:09:34.047 [main] WARNING com.objectaid.uml.util.EclipseHelper loadClass: cannot find com.objectaid.uml.addon.doc.TextLinkCreationEditPolicy in [], no license for [com.objectaid.uml.addon]
2013-04-11 18:09:34.048 [main] WARNING com.objectaid.uml.util.EclipseHelper loadClass: cannot find com.objectaid.uml.addon.doc.TextLinkCreationEditPolicy in [], no license for [com.objectaid.uml.addon]
2013-04-11 18:09:34.048 [main] WARNING com.objectaid.uml.util.EclipseHelper loadClass: cannot find com.objectaid.uml.addon.doc.TextLinkCreationEditPolicy in [], no license for [com.objectaid.uml.addon]
2013-04-11 18:09:34.049 [main] WARNING com.objectaid.uml.util.EclipseHelper loadClass: cannot find com.objectaid.uml.addon.doc.TextLinkCreationEditPolicy in [], no license for [com.objectaid.uml.addon]
2013-04-11 18:09:34.049 [main] WARNING com.objectaid.uml.util.EclipseHelper loadClass: cannot find com.objectaid.uml.addon.doc.TextLinkCreationEditPolicy in [], no license for [com.objectaid.uml.addon]
2013-04-11 18:09:41.235 [main] WARNING com.objectaid.uml.util.EclipseHelper loadClass: cannot find com.objectaid.uml.addon.java.action.CopyQualifiedNameActionRunnable in [], no license for [com.objectaid.uml.addon.java]
2013-04-11 18:09:41.244 [main] WARNING com.objectaid.uml.util.EclipseHelper loadClass: cannot find com.objectaid.uml.seq.java.AddCalledMethodsActionRunnable in [], no license for [com.objectaid.uml.seq.java]
2013-04-11 18:10:17.762 [main] WARNING com.objectaid.uml.java.ClassifierDependencyCandidateFactory$DependencyVisitor visit: QualifiedName.resolveTypeBinding() failed for lejos.nxt.comm
2013-04-11 18:10:17.996 [main] WARNING com.objectaid.uml.java.ClassifierDependencyCandidateFactory$DependencyVisitor visit: QualifiedName.resolveTypeBinding() failed for lejos.nxt.comm
2013-04-11 18:10:17.998 [main] WARNING com.objectaid.uml.util.EclipseHelper loadClass: cannot find com.objectaid.uml.addon.doc.TextLinkCreationEditPolicy in [], no license for [com.objectaid.uml.addon]
2013-04-11 18:10:18.003 [main] WARNING com.objectaid.uml.util.EclipseHelper loadClass: cannot find com.objectaid.uml.addon.doc.TextLinkCreationEditPolicy in [], no license for [com.objectaid.uml.addon]
2013-04-11 18:10:18.005 [main] WARNING com.objectaid.uml.util.EclipseHelper loadClass: cannot find com.objectaid.uml.addon.doc.TextLinkCreationEditPolicy in [], no license for [com.objectaid.uml.addon]
2013-04-11 18:10:18.007 [main] WARNING com.objectaid.uml.util.EclipseHelper loadClass: cannot find com.objectaid.uml.addon.doc.TextLinkCreationEditPolicy in [], no license for [com.objectaid.uml.addon]
2013-04-11 18:10:18.008 [main] WARNING com.objectaid.uml.util.EclipseHelper loadClass: cannot find com.objectaid.uml.addon.doc.TextLinkCreationEditPolicy in [], no license for [com.objectaid.uml.addon]
2013-04-11 18:10:18.010 [main] WARNING com.objectaid.uml.util.EclipseHelper loadClass: cannot find com.objectaid.uml.addon.doc.TextLinkCreationEditPolicy in [], no license for [com.objectaid.uml.addon]
2013-04-11 18:10:18.011 [main] WARNING com.objectaid.uml.util.EclipseHelper loadClass: cannot find com.objectaid.uml.addon.doc.TextLinkCreationEditPolicy in [], no license for [com.objectaid.uml.addon]
2013-04-11 18:10:18.011 [main] WARNING com.objectaid.uml.util.EclipseHelper loadClass: cannot find com.objectaid.uml.addon.edit.MultiplicityDirectEditPolicy in [], no license for [com.objectaid.uml.addon]
2013-04-11 18:10:18.012 [main] WARNING com.objectaid.uml.util.EclipseHelper loadClass: cannot find com.objectaid.uml.addon.doc.TextLinkCreationEditPolicy in [], no license for [com.objectaid.uml.addon]
2013-04-11 18:10:18.012 [main] WARNING com.objectaid.uml.util.EclipseHelper loadClass: cannot find com.objectaid.uml.addon.doc.TextLinkCreationEditPolicy in [], no license for [com.objectaid.uml.addon]
2013-04-11 18:10:18.013 [main] WARNING com.objectaid.uml.util.EclipseHelper loadClass: cannot find com.objectaid.uml.addon.edit.MultiplicityDirectEditPolicy in [], no license for [com.objectaid.uml.addon]
2013-04-11 18:10:18.013 [main] WARNING com.objectaid.uml.util.EclipseHelper loadClass: cannot find com.objectaid.uml.addon.doc.TextLinkCreationEditPolicy in [], no license for [com.objectaid.uml.addon]
2013-04-11 18:10:18.013 [main] WARNING com.objectaid.uml.util.EclipseHelper loadClass: cannot find com.objectaid.uml.addon.doc.TextLinkCreationEditPolicy in [], no license for [com.objectaid.uml.addon]
2013-04-11 18:10:18.014 [main] WARNING com.objectaid.uml.util.EclipseHelper loadClass: cannot find com.objectaid.uml.addon.doc.TextLinkCreationEditPolicy in [], no license for [com.objectaid.uml.addon]
2013-04-11 18:10:18.014 [main] WARNING com.objectaid.uml.util.EclipseHelper loadClass: cannot find com.objectaid.uml.addon.edit.MultiplicityDirectEditPolicy in [], no license for [com.objectaid.uml.addon]
2013-04-11 18:10:18.015 [main] WARNING com.objectaid.uml.util.EclipseHelper loadClass: cannot find com.objectaid.uml.addon.doc.TextLinkCreationEditPolicy in [], no license for [com.objectaid.uml.addon]
2013-04-11 18:10:18.015 [main] WARNING com.objectaid.uml.util.EclipseHelper loadClass: cannot find com.objectaid.uml.addon.doc.TextLinkCreationEditPolicy in [], no license for [com.objectaid.uml.addon]
2013-04-11 18:10:18.015 [main] WARNING com.objectaid.uml.util.EclipseHelper loadClass: cannot find com.objectaid.uml.addon.doc.TextLinkCreationEditPolicy in [], no license for [com.objectaid.uml.addon]
2013-04-11 18:10:18.016 [main] WARNING com.objectaid.uml.util.EclipseHelper loadClass: cannot find com.objectaid.uml.addon.doc.TextLinkCreationEditPolicy in [], no license for [com.objectaid.uml.addon]
2013-04-11 18:10:18.016 [main] WARNING com.objectaid.uml.util.EclipseHelper loadClass: cannot find com.objectaid.uml.addon.doc.TextLinkCreationEditPolicy in [], no license for [com.objectaid.uml.addon]
2013-04-11 18:10:18.016 [main] WARNING com.objectaid.uml.util.EclipseHelper loadClass: cannot find com.objectaid.uml.addon.edit.MultiplicityDirectEditPolicy in [], no license for [com.objectaid.uml.addon]
2013-04-11 18:10:18.017 [main] WARNING com.objectaid.uml.util.EclipseHelper loadClass: cannot find com.objectaid.uml.addon.doc.TextLinkCreationEditPolicy in [], no license for [com.objectaid.uml.addon]
2013-04-11 18:10:18.017 [main] WARNING com.objectaid.uml.util.EclipseHelper loadClass: cannot find com.objectaid.uml.addon.edit.MultiplicityDirectEditPolicy in [], no license for [com.objectaid.uml.addon]
2013-04-11 18:10:18.018 [main] WARNING com.objectaid.uml.util.EclipseHelper loadClass: cannot find com.objectaid.uml.addon.doc.TextLinkCreationEditPolicy in [], no license for [com.objectaid.uml.addon]
2013-04-11 18:10:34.935 [main] WARNING com.objectaid.uml.java.ClassifierDependencyCandidateFactory$DependencyVisitor visit: QualifiedName.resolveTypeBinding() failed for lejos.nxt.comm
2013-04-11 18:10:35.124 [main] WARNING com.objectaid.uml.java.ClassifierDependencyCandidateFactory$DependencyVisitor visit: QualifiedName.resolveTypeBinding() failed for lejos.nxt.comm
2013-04-11 18:10:35.126 [main] WARNING com.objectaid.uml.util.EclipseHelper loadClass: cannot find com.objectaid.uml.addon.doc.TextLinkCreationEditPolicy in [], no license for [com.objectaid.uml.addon]
2013-04-11 18:10:36.932 [main] WARNING com.objectaid.uml.util.EclipseHelper loadClass: cannot find com.objectaid.uml.addon.doc.TextLinkCreationEditPolicy in [], no license for [com.objectaid.uml.addon]
2013-04-11 18:10:36.936 [main] WARNING com.objectaid.uml.util.EclipseHelper loadClass: cannot find com.objectaid.uml.addon.doc.TextLinkCreationEditPolicy in [], no license for [com.objectaid.uml.addon]
2013-04-11 18:10:39.338 [main] WARNING com.objectaid.uml.util.EclipseHelper loadClass: cannot find com.objectaid.uml.addon.doc.TextLinkCreationEditPolicy in [], no license for [com.objectaid.uml.addon]
2013-04-11 18:10:39.348 [main] WARNING com.objectaid.uml.util.EclipseHelper loadClass: cannot find com.objectaid.uml.addon.doc.TextLinkCreationEditPolicy in [], no license for [com.objectaid.uml.addon]
2013-04-11 18:10:39.348 [main] WARNING com.objectaid.uml.util.EclipseHelper loadClass: cannot find com.objectaid.uml.addon.edit.MultiplicityDirectEditPolicy in [], no license for [com.objectaid.uml.addon]
2013-04-11 18:10:43.746 [main] WARNING com.objectaid.uml.util.EclipseHelper loadClass: cannot find com.objectaid.uml.addon.doc.TextLinkCreationEditPolicy in [], no license for [com.objectaid.uml.addon]
2013-04-11 18:10:43.752 [main] WARNING com.objectaid.uml.util.EclipseHelper loadClass: cannot find com.objectaid.uml.addon.doc.TextLinkCreationEditPolicy in [], no license for [com.objectaid.uml.addon]
2013-04-11 18:10:43.753 [main] WARNING com.objectaid.uml.util.EclipseHelper loadClass: cannot find com.objectaid.uml.addon.doc.TextLinkCreationEditPolicy in [], no license for [com.objectaid.uml.addon]
2013-04-11 18:10:43.753 [main] WARNING com.objectaid.uml.util.EclipseHelper loadClass: cannot find com.objectaid.uml.addon.doc.TextLinkCreationEditPolicy in [], no license for [com.objectaid.uml.addon]
2013-04-11 18:10:51.646 [main] WARNING com.objectaid.uml.util.EclipseHelper loadClass: cannot find com.objectaid.uml.addon.doc.TextLinkCreationEditPolicy in [], no license for [com.objectaid.uml.addon]
2013-04-11 18:10:51.651 [main] WARNING com.objectaid.uml.util.EclipseHelper loadClass: cannot find com.objectaid.uml.addon.doc.TextLinkCreationEditPolicy in [], no license for [com.objectaid.uml.addon]
2013-04-11 18:10:51.652 [main] WARNING com.objectaid.uml.util.EclipseHelper loadClass: cannot find com.objectaid.uml.addon.doc.TextLinkCreationEditPolicy in [], no license for [com.objectaid.uml.addon]
2013-04-11 18:10:51.653 [main] WARNING com.objectaid.uml.util.EclipseHelper loadClass: cannot find com.objectaid.uml.addon.doc.TextLinkCreationEditPolicy in [], no license for [com.objectaid.uml.addon]
2013-04-11 18:11:18.518 [main] WARNING com.objectaid.uml.util.EclipseHelper loadClass: cannot find com.objectaid.uml.addon.doc.TextLinkCreationEditPolicy in [], no license for [com.objectaid.uml.addon]
2013-04-11 18:11:18.524 [main] WARNING com.objectaid.uml.util.EclipseHelper loadClass: cannot find com.objectaid.uml.addon.doc.TextLinkCreationEditPolicy in [], no license for [com.objectaid.uml.addon]
2013-04-11 18:11:18.524 [main] WARNING com.objectaid.uml.util.EclipseHelper loadClass: cannot find com.objectaid.uml.addon.edit.MultiplicityDirectEditPolicy in [], no license for [com.objectaid.uml.addon]
2013-04-11 18:11:18.525 [main] WARNING com.objectaid.uml.util.EclipseHelper loadClass: cannot find com.objectaid.uml.addon.doc.TextLinkCreationEditPolicy in [], no license for [com.objectaid.uml.addon]
2013-04-11 18:11:18.526 [main] WARNING com.objectaid.uml.util.EclipseHelper loadClass: cannot find com.objectaid.uml.addon.edit.MultiplicityDirectEditPolicy in [], no license for [com.objectaid.uml.addon]
2013-04-11 18:11:18.527 [main] WARNING com.objectaid.uml.util.EclipseHelper loadClass: cannot find com.objectaid.uml.addon.doc.TextLinkCreationEditPolicy in [], no license for [com.objectaid.uml.addon]
2013-04-11 18:11:18.528 [main] WARNING com.objectaid.uml.util.EclipseHelper loadClass: cannot find com.objectaid.uml.addon.edit.MultiplicityDirectEditPolicy in [], no license for [com.objectaid.uml.addon]
2013-04-11 18:11:18.530 [main] WARNING com.objectaid.uml.util.EclipseHelper loadClass: cannot find com.objectaid.uml.addon.doc.TextLinkCreationEditPolicy in [], no license for [com.objectaid.uml.addon]
2013-04-11 18:11:18.530 [main] WARNING com.objectaid.uml.util.EclipseHelper loadClass: cannot find com.objectaid.uml.addon.doc.TextLinkCreationEditPolicy in [], no license for [com.objectaid.uml.addon]
2013-04-11 18:11:18.531 [main] WARNING com.objectaid.uml.util.EclipseHelper loadClass: cannot find com.objectaid.uml.addon.edit.MultiplicityDirectEditPolicy in [], no license for [com.objectaid.uml.addon]
2013-04-11 18:11:37.816 [main] WARNING com.objectaid.uml.util.EclipseHelper loadClass: cannot find com.objectaid.uml.addon.doc.TextLinkCreationEditPolicy in [], no license for [com.objectaid.uml.addon]
2013-04-11 18:11:49.398 [main] WARNING com.objectaid.uml.util.EclipseHelper loadClass: cannot find com.objectaid.uml.addon.doc.TextLinkCreationEditPolicy in [], no license for [com.objectaid.uml.addon]
2013-04-11 18:11:49.413 [main] WARNING com.objectaid.uml.util.EclipseHelper loadClass: cannot find com.objectaid.uml.addon.doc.TextLinkCreationEditPolicy in [], no license for [com.objectaid.uml.addon]
2013-04-11 18:11:49.414 [main] WARNING com.objectaid.uml.util.EclipseHelper loadClass: cannot find com.objectaid.uml.addon.doc.TextLinkCreationEditPolicy in [], no license for [com.objectaid.uml.addon]
2013-04-11 18:11:49.414 [main] WARNING com.objectaid.uml.util.EclipseHelper loadClass: cannot find com.objectaid.uml.addon.edit.MultiplicityDirectEditPolicy in [], no license for [com.objectaid.uml.addon]
2013-04-11 18:12:14.001 [main] WARNING com.objectaid.uml.util.EclipseHelper loadClass: cannot find com.objectaid.uml.addon.doc.TextLinkCreationEditPolicy in [], no license for [com.objectaid.uml.addon]
2013-04-11 18:12:14.004 [main] WARNING com.objectaid.uml.util.EclipseHelper loadClass: cannot find com.objectaid.uml.addon.doc.TextLinkCreationEditPolicy in [], no license for [com.objectaid.uml.addon]
2013-04-11 18:12:14.004 [main] WARNING com.objectaid.uml.util.EclipseHelper loadClass: cannot find com.objectaid.uml.addon.edit.MultiplicityDirectEditPolicy in [], no license for [com.objectaid.uml.addon]
2013-04-11 18:12:21.776 [main] WARNING com.objectaid.uml.util.EclipseHelper loadClass: cannot find com.objectaid.uml.addon.doc.TextLinkCreationEditPolicy in [], no license for [com.objectaid.uml.addon]
2013-04-11 18:12:21.781 [main] WARNING com.objectaid.uml.util.EclipseHelper loadClass: cannot find com.objectaid.uml.addon.doc.TextLinkCreationEditPolicy in [], no license for [com.objectaid.uml.addon]
2013-04-11 18:12:54.464 [main] WARNING com.objectaid.uml.util.EclipseHelper loadClass: cannot find com.objectaid.uml.addon.doc.TextLinkCreationEditPolicy in [], no license for [com.objectaid.uml.addon]
2013-04-11 18:13:08.921 [main] WARNING com.objectaid.uml.util.EclipseHelper loadClass: cannot find com.objectaid.uml.addon.doc.TextLinkCreationEditPolicy in [], no license for [com.objectaid.uml.addon]
2013-04-11 18:13:08.924 [main] WARNING com.objectaid.uml.util.EclipseHelper loadClass: cannot find com.objectaid.uml.addon.doc.TextLinkCreationEditPolicy in [], no license for [com.objectaid.uml.addon]
2013-04-11 18:13:08.925 [main] WARNING com.objectaid.uml.util.EclipseHelper loadClass: cannot find com.objectaid.uml.addon.doc.TextLinkCreationEditPolicy in [], no license for [com.objectaid.uml.addon]
2013-04-11 18:13:13.532 [main] WARNING com.objectaid.uml.util.EclipseHelper loadClass: cannot find com.objectaid.uml.addon.doc.TextLinkCreationEditPolicy in [], no license for [com.objectaid.uml.addon]
2013-04-11 18:13:13.535 [main] WARNING com.objectaid.uml.util.EclipseHelper loadClass: cannot find com.objectaid.uml.addon.doc.TextLinkCreationEditPolicy in [], no license for [com.objectaid.uml.addon]
2013-04-11 18:13:15.528 [main] WARNING com.objectaid.uml.util.EclipseHelper loadClass: cannot find com.objectaid.uml.addon.doc.TextLinkCreationEditPolicy in [], no license for [com.objectaid.uml.addon]
2013-04-11 18:13:15.536 [main] WARNING com.objectaid.uml.util.EclipseHelper loadClass: cannot find com.objectaid.uml.addon.doc.TextLinkCreationEditPolicy in [], no license for [com.objectaid.uml.addon]
2013-04-11 18:13:15.536 [main] WARNING com.objectaid.uml.util.EclipseHelper loadClass: cannot find com.objectaid.uml.addon.edit.MultiplicityDirectEditPolicy in [], no license for [com.objectaid.uml.addon]
2013-04-11 18:13:15.538 [main] WARNING com.objectaid.uml.util.EclipseHelper loadClass: cannot find com.objectaid.uml.addon.doc.TextLinkCreationEditPolicy in [], no license for [com.objectaid.uml.addon]
2013-04-11 18:13:15.538 [main] WARNING com.objectaid.uml.util.EclipseHelper loadClass: cannot find com.objectaid.uml.addon.edit.MultiplicityDirectEditPolicy in [], no license for [com.objectaid.uml.addon]
2013-04-11 18:13:15.539 [main] WARNING com.objectaid.uml.util.EclipseHelper loadClass: cannot find com.objectaid.uml.addon.doc.TextLinkCreationEditPolicy in [], no license for [com.objectaid.uml.addon]
2013-04-11 18:13:15.540 [main] WARNING com.objectaid.uml.util.EclipseHelper loadClass: cannot find com.objectaid.uml.addon.edit.MultiplicityDirectEditPolicy in [], no license for [com.objectaid.uml.addon]
2013-04-11 18:13:15.541 [main] WARNING com.objectaid.uml.util.EclipseHelper loadClass: cannot find com.objectaid.uml.addon.doc.TextLinkCreationEditPolicy in [], no license for [com.objectaid.uml.addon]
2013-04-11 18:13:15.542 [main] WARNING com.objectaid.uml.util.EclipseHelper loadClass: cannot find com.objectaid.uml.addon.edit.MultiplicityDirectEditPolicy in [], no license for [com.objectaid.uml.addon]
2013-04-11 18:13:15.543 [main] WARNING com.objectaid.uml.util.EclipseHelper loadClass: cannot find com.objectaid.uml.addon.doc.TextLinkCreationEditPolicy in [], no license for [com.objectaid.uml.addon]
2013-04-11 18:13:34.712 [main] WARNING com.objectaid.uml.util.EclipseHelper loadClass: cannot find com.objectaid.uml.addon.doc.TextLinkCreationEditPolicy in [], no license for [com.objectaid.uml.addon]
2013-04-11 18:13:36.099 [main] WARNING com.objectaid.uml.util.EclipseHelper loadClass: cannot find com.objectaid.uml.addon.doc.TextLinkCreationEditPolicy in [], no license for [com.objectaid.uml.addon]
2013-04-11 18:13:36.104 [main] WARNING com.objectaid.uml.util.EclipseHelper loadClass: cannot find com.objectaid.uml.addon.doc.TextLinkCreationEditPolicy in [], no license for [com.objectaid.uml.addon]
2013-04-11 18:13:36.104 [main] WARNING com.objectaid.uml.util.EclipseHelper loadClass: cannot find com.objectaid.uml.addon.doc.TextLinkCreationEditPolicy in [], no license for [com.objectaid.uml.addon]
2013-04-11 18:13:36.105 [main] WARNING com.objectaid.uml.util.EclipseHelper loadClass: cannot find com.objectaid.uml.addon.edit.MultiplicityDirectEditPolicy in [], no license for [com.objectaid.uml.addon]
2013-04-11 18:13:37.618 [main] WARNING com.objectaid.uml.util.EclipseHelper loadClass: cannot find com.objectaid.uml.addon.doc.TextLinkCreationEditPolicy in [], no license for [com.objectaid.uml.addon]
2013-04-11 18:13:37.622 [main] WARNING com.objectaid.uml.util.EclipseHelper loadClass: cannot find com.objectaid.uml.addon.doc.TextLinkCreationEditPolicy in [], no license for [com.objectaid.uml.addon]
2013-04-11 18:13:37.622 [main] WARNING com.objectaid.uml.util.EclipseHelper loadClass: cannot find com.objectaid.uml.addon.edit.MultiplicityDirectEditPolicy in [], no license for [com.objectaid.uml.addon]
2013-04-11 18:13:37.623 [main] WARNING com.objectaid.uml.util.EclipseHelper loadClass: cannot find com.objectaid.uml.addon.doc.TextLinkCreationEditPolicy in [], no license for [com.objectaid.uml.addon]
2013-04-11 18:13:37.623 [main] WARNING com.objectaid.uml.util.EclipseHelper loadClass: cannot find com.objectaid.uml.addon.edit.MultiplicityDirectEditPolicy in [], no license for [com.objectaid.uml.addon]
2013-04-11 18:13:37.624 [main] WARNING com.objectaid.uml.util.EclipseHelper loadClass: cannot find com.objectaid.uml.addon.doc.TextLinkCreationEditPolicy in [], no license for [com.objectaid.uml.addon]
2013-04-11 18:13:39.650 [main] WARNING com.objectaid.uml.util.EclipseHelper loadClass: cannot find com.objectaid.uml.addon.doc.TextLinkCreationEditPolicy in [], no license for [com.objectaid.uml.addon]
2013-04-11 18:13:39.654 [main] WARNING com.objectaid.uml.util.EclipseHelper loadClass: cannot find com.objectaid.uml.addon.doc.TextLinkCreationEditPolicy in [], no license for [com.objectaid.uml.addon]
2013-04-11 18:13:39.654 [main] WARNING com.objectaid.uml.util.EclipseHelper loadClass: cannot find com.objectaid.uml.addon.edit.MultiplicityDirectEditPolicy in [], no license for [com.objectaid.uml.addon]
2013-04-11 18:13:41.140 [main] WARNING com.objectaid.uml.util.EclipseHelper loadClass: cannot find com.objectaid.uml.addon.doc.TextLinkCreationEditPolicy in [], no license for [com.objectaid.uml.addon]
2013-04-11 18:13:41.144 [main] WARNING com.objectaid.uml.util.EclipseHelper loadClass: cannot find com.objectaid.uml.addon.doc.TextLinkCreationEditPolicy in [], no license for [com.objectaid.uml.addon]
2013-04-11 18:13:41.146 [main] WARNING com.objectaid.uml.util.EclipseHelper loadClass: cannot find com.objectaid.uml.addon.doc.TextLinkCreationEditPolicy in [], no license for [com.objectaid.uml.addon]
2013-04-11 18:13:42.345 [main] WARNING com.objectaid.uml.util.EclipseHelper loadClass: cannot find com.objectaid.uml.addon.doc.TextLinkCreationEditPolicy in [], no license for [com.objectaid.uml.addon]
2013-04-11 18:13:42.350 [main] WARNING com.objectaid.uml.util.EclipseHelper loadClass: cannot find com.objectaid.uml.addon.doc.TextLinkCreationEditPolicy in [], no license for [com.objectaid.uml.addon]
2013-04-11 18:13:42.350 [main] WARNING com.objectaid.uml.util.EclipseHelper loadClass: cannot find com.objectaid.uml.addon.doc.TextLinkCreationEditPolicy in [], no license for [com.objectaid.uml.addon]
2013-04-11 18:13:42.351 [main] WARNING com.objectaid.uml.util.EclipseHelper loadClass: cannot find com.objectaid.uml.addon.edit.MultiplicityDirectEditPolicy in [], no license for [com.objectaid.uml.addon]
2013-04-11 18:13:42.352 [main] WARNING com.objectaid.uml.util.EclipseHelper loadClass: cannot find com.objectaid.uml.addon.doc.TextLinkCreationEditPolicy in [], no license for [com.objectaid.uml.addon]
2013-04-11 18:13:42.353 [main] WARNING com.objectaid.uml.util.EclipseHelper loadClass: cannot find com.objectaid.uml.addon.doc.TextLinkCreationEditPolicy in [], no license for [com.objectaid.uml.addon]
2013-04-11 18:13:42.354 [main] WARNING com.objectaid.uml.util.EclipseHelper loadClass: cannot find com.objectaid.uml.addon.doc.TextLinkCreationEditPolicy in [], no license for [com.objectaid.uml.addon]
2013-04-11 18:13:42.355 [main] WARNING com.objectaid.uml.util.EclipseHelper loadClass: cannot find com.objectaid.uml.addon.edit.MultiplicityDirectEditPolicy in [], no license for [com.objectaid.uml.addon]
2013-04-11 18:14:41.074 [main] WARNING com.objectaid.uml.util.EclipseHelper loadClass: cannot find com.objectaid.uml.addon.doc.TextLinkCreationEditPolicy in [], no license for [com.objectaid.uml.addon]
2013-04-11 18:14:41.078 [main] WARNING com.objectaid.uml.util.EclipseHelper loadClass: cannot find com.objectaid.uml.addon.doc.TextLinkCreationEditPolicy in [], no license for [com.objectaid.uml.addon]
2013-04-11 18:14:41.078 [main] WARNING com.objectaid.uml.util.EclipseHelper loadClass: cannot find com.objectaid.uml.addon.edit.MultiplicityDirectEditPolicy in [], no license for [com.objectaid.uml.addon]
2013-04-11 18:14:41.079 [main] WARNING com.objectaid.uml.util.EclipseHelper loadClass: cannot find com.objectaid.uml.addon.doc.TextLinkCreationEditPolicy in [], no license for [com.objectaid.uml.addon]
2013-04-11 18:14:41.079 [main] WARNING com.objectaid.uml.util.EclipseHelper loadClass: cannot find com.objectaid.uml.addon.edit.MultiplicityDirectEditPolicy in [], no license for [com.objectaid.uml.addon]
2013-04-11 18:15:25.792 [main] WARNING com.objectaid.uml.util.EclipseHelper loadClass: cannot find com.objectaid.uml.addon.doc.TextLinkCreationEditPolicy in [], no license for [com.objectaid.uml.addon]
2013-04-11 18:15:30.434 [main] WARNING com.objectaid.uml.util.EclipseHelper loadClass: cannot find com.objectaid.uml.addon.doc.TextLinkCreationEditPolicy in [], no license for [com.objectaid.uml.addon]
2013-04-11 18:15:30.439 [main] WARNING com.objectaid.uml.util.EclipseHelper loadClass: cannot find com.objectaid.uml.addon.doc.TextLinkCreationEditPolicy in [], no license for [com.objectaid.uml.addon]
2013-04-11 18:15:30.439 [main] WARNING com.objectaid.uml.util.EclipseHelper loadClass: cannot find com.objectaid.uml.addon.edit.MultiplicityDirectEditPolicy in [], no license for [com.objectaid.uml.addon]
2013-04-11 18:15:30.440 [main] WARNING com.objectaid.uml.util.EclipseHelper loadClass: cannot find com.objectaid.uml.addon.doc.TextLinkCreationEditPolicy in [], no license for [com.objectaid.uml.addon]
2013-04-11 18:15:30.441 [main] WARNING com.objectaid.uml.util.EclipseHelper loadClass: cannot find com.objectaid.uml.addon.edit.MultiplicityDirectEditPolicy in [], no license for [com.objectaid.uml.addon]
2013-04-11 18:15:30.441 [main] WARNING com.objectaid.uml.util.EclipseHelper loadClass: cannot find com.objectaid.uml.addon.doc.TextLinkCreationEditPolicy in [], no license for [com.objectaid.uml.addon]
2013-04-11 18:15:30.442 [main] WARNING com.objectaid.uml.util.EclipseHelper loadClass: cannot find com.objectaid.uml.addon.edit.MultiplicityDirectEditPolicy in [], no license for [com.objectaid.uml.addon]
2013-04-11 18:15:30.443 [main] WARNING com.objectaid.uml.util.EclipseHelper loadClass: cannot find com.objectaid.uml.addon.doc.TextLinkCreationEditPolicy in [], no license for [com.objectaid.uml.addon]
2013-04-11 18:15:30.443 [main] WARNING com.objectaid.uml.util.EclipseHelper loadClass: cannot find com.objectaid.uml.addon.edit.MultiplicityDirectEditPolicy in [], no license for [com.objectaid.uml.addon]
2013-04-11 18:15:40.669 [main] WARNING com.objectaid.uml.util.EclipseHelper loadClass: cannot find com.objectaid.uml.addon.doc.TextLinkCreationEditPolicy in [], no license for [com.objectaid.uml.addon]
2013-04-11 18:15:40.672 [main] WARNING com.objectaid.uml.util.EclipseHelper loadClass: cannot find com.objectaid.uml.addon.doc.TextLinkCreationEditPolicy in [], no license for [com.objectaid.uml.addon]
2013-04-11 18:15:40.672 [main] WARNING com.objectaid.uml.util.EclipseHelper loadClass: cannot find com.objectaid.uml.addon.edit.MultiplicityDirectEditPolicy in [], no license for [com.objectaid.uml.addon]
2013-04-11 18:15:40.673 [main] WARNING com.objectaid.uml.util.EclipseHelper loadClass: cannot find com.objectaid.uml.addon.doc.TextLinkCreationEditPolicy in [], no license for [com.objectaid.uml.addon]
2013-04-11 18:15:40.673 [main] WARNING com.objectaid.uml.util.EclipseHelper loadClass: cannot find com.objectaid.uml.addon.edit.MultiplicityDirectEditPolicy in [], no license for [com.objectaid.uml.addon]
2013-04-11 18:17:14.068 [main] WARNING com.objectaid.uml.util.EclipseHelper loadClass: cannot find com.objectaid.uml.addon.doc.TextLinkCreationEditPolicy in [], no license for [com.objectaid.uml.addon]
2013-04-11 18:17:16.940 [main] WARNING com.objectaid.uml.util.EclipseHelper loadClass: cannot find com.objectaid.uml.addon.doc.TextLinkCreationEditPolicy in [], no license for [com.objectaid.uml.addon]
2013-04-11 18:17:16.944 [main] WARNING com.objectaid.uml.util.EclipseHelper loadClass: cannot find com.objectaid.uml.addon.doc.TextLinkCreationEditPolicy in [], no license for [com.objectaid.uml.addon]
2013-04-11 18:17:16.944 [main] WARNING com.objectaid.uml.util.EclipseHelper loadClass: cannot find com.objectaid.uml.addon.edit.MultiplicityDirectEditPolicy in [], no license for [com.objectaid.uml.addon]
2013-04-11 18:17:16.945 [main] WARNING com.objectaid.uml.util.EclipseHelper loadClass: cannot find com.objectaid.uml.addon.doc.TextLinkCreationEditPolicy in [], no license for [com.objectaid.uml.addon]
2013-04-11 18:17:16.950 [main] WARNING com.objectaid.uml.util.EclipseHelper loadClass: cannot find com.objectaid.uml.addon.edit.MultiplicityDirectEditPolicy in [], no license for [com.objectaid.uml.addon]
2013-04-11 18:17:16.951 [main] WARNING com.objectaid.uml.util.EclipseHelper loadClass: cannot find com.objectaid.uml.addon.doc.TextLinkCreationEditPolicy in [], no license for [com.objectaid.uml.addon]
2013-04-11 18:17:16.952 [main] WARNING com.objectaid.uml.util.EclipseHelper loadClass: cannot find com.objectaid.uml.addon.doc.TextLinkCreationEditPolicy in [], no license for [com.objectaid.uml.addon]
2013-04-11 18:17:16.952 [main] WARNING com.objectaid.uml.util.EclipseHelper loadClass: cannot find com.objectaid.uml.addon.edit.MultiplicityDirectEditPolicy in [], no license for [com.objectaid.uml.addon]
2013-04-11 18:17:37.987 [main] WARNING com.objectaid.uml.java.ClassifierDependencyCandidateFactory$DependencyVisitor visit: QualifiedName.resolveTypeBinding() failed for lejos.nxt
2013-04-11 18:17:38.399 [main] WARNING com.objectaid.uml.java.ClassifierDependencyCandidateFactory$DependencyVisitor visit: QualifiedName.resolveTypeBinding() failed for lejos.nxt
2013-04-11 18:17:38.402 [main] WARNING com.objectaid.uml.util.EclipseHelper loadClass: cannot find com.objectaid.uml.addon.doc.TextLinkCreationEditPolicy in [], no license for [com.objectaid.uml.addon]
2013-04-11 18:17:40.373 [main] WARNING com.objectaid.uml.util.EclipseHelper loadClass: cannot find com.objectaid.uml.addon.doc.TextLinkCreationEditPolicy in [], no license for [com.objectaid.uml.addon]
2013-04-11 18:17:40.377 [main] WARNING com.objectaid.uml.util.EclipseHelper loadClass: cannot find com.objectaid.uml.addon.doc.TextLinkCreationEditPolicy in [], no license for [com.objectaid.uml.addon]
2013-04-11 18:17:40.378 [main] WARNING com.objectaid.uml.util.EclipseHelper loadClass: cannot find com.objectaid.uml.addon.edit.MultiplicityDirectEditPolicy in [], no license for [com.objectaid.uml.addon]
2013-04-11 18:17:57.433 [main] WARNING com.objectaid.uml.util.EclipseHelper loadClass: cannot find com.objectaid.uml.addon.doc.TextLinkCreationEditPolicy in [], no license for [com.objectaid.uml.addon]
2013-04-11 18:17:59.143 [main] WARNING com.objectaid.uml.util.EclipseHelper loadClass: cannot find com.objectaid.uml.addon.doc.TextLinkCreationEditPolicy in [], no license for [com.objectaid.uml.addon]
2013-04-11 18:17:59.149 [main] WARNING com.objectaid.uml.util.EclipseHelper loadClass: cannot find com.objectaid.uml.addon.doc.TextLinkCreationEditPolicy in [], no license for [com.objectaid.uml.addon]
2013-04-11 18:18:02.059 [main] WARNING com.objectaid.uml.util.EclipseHelper loadClass: cannot find com.objectaid.uml.addon.doc.TextLinkCreationEditPolicy in [], no license for [com.objectaid.uml.addon]
2013-04-11 18:18:02.064 [main] WARNING com.objectaid.uml.util.EclipseHelper loadClass: cannot find com.objectaid.uml.addon.doc.TextLinkCreationEditPolicy in [], no license for [com.objectaid.uml.addon]
2013-04-11 18:18:02.064 [main] WARNING com.objectaid.uml.util.EclipseHelper loadClass: cannot find com.objectaid.uml.addon.edit.MultiplicityDirectEditPolicy in [], no license for [com.objectaid.uml.addon]
2013-04-11 18:18:02.066 [main] WARNING com.objectaid.uml.util.EclipseHelper loadClass: cannot find com.objectaid.uml.addon.doc.TextLinkCreationEditPolicy in [], no license for [com.objectaid.uml.addon]
2013-04-11 18:18:02.066 [main] WARNING com.objectaid.uml.util.EclipseHelper loadClass: cannot find com.objectaid.uml.addon.doc.TextLinkCreationEditPolicy in [], no license for [com.objectaid.uml.addon]
2013-04-11 18:18:02.067 [main] WARNING com.objectaid.uml.util.EclipseHelper loadClass: cannot find com.objectaid.uml.addon.edit.MultiplicityDirectEditPolicy in [], no license for [com.objectaid.uml.addon]
2013-04-11 18:18:03.539 [main] WARNING com.objectaid.uml.util.EclipseHelper loadClass: cannot find com.objectaid.uml.addon.doc.TextLinkCreationEditPolicy in [], no license for [com.objectaid.uml.addon]
2013-04-11 18:18:03.542 [main] WARNING com.objectaid.uml.util.EclipseHelper loadClass: cannot find com.objectaid.uml.addon.doc.TextLinkCreationEditPolicy in [], no license for [com.objectaid.uml.addon]
2013-04-11 18:18:03.543 [main] WARNING com.objectaid.uml.util.EclipseHelper loadClass: cannot find com.objectaid.uml.addon.doc.TextLinkCreationEditPolicy in [], no license for [com.objectaid.uml.addon]
2013-04-11 18:18:03.544 [main] WARNING com.objectaid.uml.util.EclipseHelper loadClass: cannot find com.objectaid.uml.addon.doc.TextLinkCreationEditPolicy in [], no license for [com.objectaid.uml.addon]
2013-04-11 18:18:03.545 [main] WARNING com.objectaid.uml.util.EclipseHelper loadClass: cannot find com.objectaid.uml.addon.edit.MultiplicityDirectEditPolicy in [], no license for [com.objectaid.uml.addon]
2013-04-11 18:18:08.227 [main] WARNING com.objectaid.uml.util.EclipseHelper loadClass: cannot find com.objectaid.uml.addon.doc.TextLinkCreationEditPolicy in [], no license for [com.objectaid.uml.addon]
2013-04-11 18:18:08.231 [main] WARNING com.objectaid.uml.util.EclipseHelper loadClass: cannot find com.objectaid.uml.addon.doc.TextLinkCreationEditPolicy in [], no license for [com.objectaid.uml.addon]
2013-04-11 18:18:08.231 [main] WARNING com.objectaid.uml.util.EclipseHelper loadClass: cannot find com.objectaid.uml.addon.edit.MultiplicityDirectEditPolicy in [], no license for [com.objectaid.uml.addon]
2013-04-11 18:18:08.232 [main] WARNING com.objectaid.uml.util.EclipseHelper loadClass: cannot find com.objectaid.uml.addon.doc.TextLinkCreationEditPolicy in [], no license for [com.objectaid.uml.addon]
2013-04-11 18:18:08.233 [main] WARNING com.objectaid.uml.util.EclipseHelper loadClass: cannot find com.objectaid.uml.addon.doc.TextLinkCreationEditPolicy in [], no license for [com.objectaid.uml.addon]
2013-04-11 18:19:35.791 [main] WARNING com.objectaid.uml.util.EclipseHelper loadClass: cannot find com.objectaid.uml.addon.doc.TextLinkCreationEditPolicy in [], no license for [com.objectaid.uml.addon]
2013-04-11 18:19:38.918 [main] WARNING com.objectaid.uml.util.EclipseHelper loadClass: cannot find com.objectaid.uml.addon.doc.TextLinkCreationEditPolicy in [], no license for [com.objectaid.uml.addon]
2013-04-11 18:19:44.671 [main] WARNING com.objectaid.uml.util.EclipseHelper loadClass: cannot find com.objectaid.uml.addon.doc.TextLinkCreationEditPolicy in [], no license for [com.objectaid.uml.addon]
2013-04-11 18:19:46.041 [main] WARNING com.objectaid.uml.util.EclipseHelper loadClass: cannot find com.objectaid.uml.addon.doc.TextLinkCreationEditPolicy in [], no license for [com.objectaid.uml.addon]
2013-04-11 18:19:47.144 [main] WARNING com.objectaid.uml.util.EclipseHelper loadClass: cannot find com.objectaid.uml.addon.doc.TextLinkCreationEditPolicy in [], no license for [com.objectaid.uml.addon]
2013-04-11 18:19:48.382 [main] WARNING com.objectaid.uml.util.EclipseHelper loadClass: cannot find com.objectaid.uml.addon.doc.TextLinkCreationEditPolicy in [], no license for [com.objectaid.uml.addon]
2013-04-11 18:20:23.871 [main] WARNING com.objectaid.uml.util.EclipseHelper loadClass: cannot find com.objectaid.uml.addon.doc.TextLinkCreationEditPolicy in [], no license for [com.objectaid.uml.addon]
2013-04-11 18:20:23.882 [main] WARNING com.objectaid.uml.util.EclipseHelper loadClass: cannot find com.objectaid.uml.addon.doc.TextLinkCreationEditPolicy in [], no license for [com.objectaid.uml.addon]
2013-04-11 18:20:23.882 [main] WARNING com.objectaid.uml.util.EclipseHelper loadClass: cannot find com.objectaid.uml.addon.edit.MultiplicityDirectEditPolicy in [], no license for [com.objectaid.uml.addon]
2013-04-11 18:20:23.883 [main] WARNING com.objectaid.uml.util.EclipseHelper loadClass: cannot find com.objectaid.uml.addon.doc.TextLinkCreationEditPolicy in [], no license for [com.objectaid.uml.addon]
2013-04-11 18:20:23.883 [main] WARNING com.objectaid.uml.util.EclipseHelper loadClass: cannot find com.objectaid.uml.addon.edit.MultiplicityDirectEditPolicy in [], no license for [com.objectaid.uml.addon]
2013-04-11 18:20:23.884 [main] WARNING com.objectaid.uml.util.EclipseHelper loadClass: cannot find com.objectaid.uml.addon.doc.TextLinkCreationEditPolicy in [], no license for [com.objectaid.uml.addon]
2013-04-11 18:20:23.884 [main] WARNING com.objectaid.uml.util.EclipseHelper loadClass: cannot find com.objectaid.uml.addon.edit.MultiplicityDirectEditPolicy in [], no license for [com.objectaid.uml.addon]
2013-04-11 18:20:23.885 [main] WARNING com.objectaid.uml.util.EclipseHelper loadClass: cannot find com.objectaid.uml.addon.doc.TextLinkCreationEditPolicy in [], no license for [com.objectaid.uml.addon]
2013-04-11 18:20:23.885 [main] WARNING com.objectaid.uml.util.EclipseHelper loadClass: cannot find com.objectaid.uml.addon.edit.MultiplicityDirectEditPolicy in [], no license for [com.objectaid.uml.addon]
2013-04-11 18:20:23.886 [main] WARNING com.objectaid.uml.util.EclipseHelper loadClass: cannot find com.objectaid.uml.addon.doc.TextLinkCreationEditPolicy in [], no license for [com.objectaid.uml.addon]
2013-04-11 18:20:23.886 [main] WARNING com.objectaid.uml.util.EclipseHelper loadClass: cannot find com.objectaid.uml.addon.edit.MultiplicityDirectEditPolicy in [], no license for [com.objectaid.uml.addon]
2013-04-11 18:20:23.887 [main] WARNING com.objectaid.uml.util.EclipseHelper loadClass: cannot find com.objectaid.uml.addon.doc.TextLinkCreationEditPolicy in [], no license for [com.objectaid.uml.addon]
2013-04-11 18:20:23.887 [main] WARNING com.objectaid.uml.util.EclipseHelper loadClass: cannot find com.objectaid.uml.addon.edit.MultiplicityDirectEditPolicy in [], no license for [com.objectaid.uml.addon]
2013-04-11 18:20:23.888 [main] WARNING com.objectaid.uml.util.EclipseHelper loadClass: cannot find com.objectaid.uml.addon.doc.TextLinkCreationEditPolicy in [], no license for [com.objectaid.uml.addon]
2013-04-11 18:20:23.888 [main] WARNING com.objectaid.uml.util.EclipseHelper loadClass: cannot find com.objectaid.uml.addon.edit.MultiplicityDirectEditPolicy in [], no license for [com.objectaid.uml.addon]
2013-04-11 18:20:40.259 [main] WARNING com.objectaid.uml.util.EclipseHelper loadClass: cannot find com.objectaid.uml.addon.doc.TextLinkCreationEditPolicy in [], no license for [com.objectaid.uml.addon]
2013-04-11 18:20:40.262 [main] WARNING com.objectaid.uml.util.EclipseHelper loadClass: cannot find com.objectaid.uml.addon.doc.TextLinkCreationEditPolicy in [], no license for [com.objectaid.uml.addon]
2013-04-11 18:20:40.263 [main] WARNING com.objectaid.uml.util.EclipseHelper loadClass: cannot find com.objectaid.uml.addon.doc.TextLinkCreationEditPolicy in [], no license for [com.objectaid.uml.addon]
2013-04-11 18:20:40.264 [main] WARNING com.objectaid.uml.util.EclipseHelper loadClass: cannot find com.objectaid.uml.addon.doc.TextLinkCreationEditPolicy in [], no license for [com.objectaid.uml.addon]
2013-04-11 18:20:40.264 [main] WARNING com.objectaid.uml.util.EclipseHelper loadClass: cannot find com.objectaid.uml.addon.doc.TextLinkCreationEditPolicy in [], no license for [com.objectaid.uml.addon]
2013-04-11 18:20:40.265 [main] WARNING com.objectaid.uml.util.EclipseHelper loadClass: cannot find com.objectaid.uml.addon.doc.TextLinkCreationEditPolicy in [], no license for [com.objectaid.uml.addon]
2013-04-11 18:20:40.265 [main] WARNING com.objectaid.uml.util.EclipseHelper loadClass: cannot find com.objectaid.uml.addon.doc.TextLinkCreationEditPolicy in [], no license for [com.objectaid.uml.addon]
2013-04-11 18:20:40.266 [main] WARNING com.objectaid.uml.util.EclipseHelper loadClass: cannot find com.objectaid.uml.addon.doc.TextLinkCreationEditPolicy in [], no license for [com.objectaid.uml.addon]
2013-04-11 18:20:42.152 [main] WARNING com.objectaid.uml.util.EclipseHelper loadClass: cannot find com.objectaid.uml.addon.doc.TextLinkCreationEditPolicy in [], no license for [com.objectaid.uml.addon]
2013-04-11 18:20:42.154 [main] WARNING com.objectaid.uml.util.EclipseHelper loadClass: cannot find com.objectaid.uml.addon.doc.TextLinkCreationEditPolicy in [], no license for [com.objectaid.uml.addon]
2013-04-11 18:20:42.155 [main] WARNING com.objectaid.uml.util.EclipseHelper loadClass: cannot find com.objectaid.uml.addon.doc.TextLinkCreationEditPolicy in [], no license for [com.objectaid.uml.addon]
2013-04-11 18:20:42.155 [main] WARNING com.objectaid.uml.util.EclipseHelper loadClass: cannot find com.objectaid.uml.addon.doc.TextLinkCreationEditPolicy in [], no license for [com.objectaid.uml.addon]
2013-04-11 18:20:42.156 [main] WARNING com.objectaid.uml.util.EclipseHelper loadClass: cannot find com.objectaid.uml.addon.doc.TextLinkCreationEditPolicy in [], no license for [com.objectaid.uml.addon]
2013-04-11 18:20:42.156 [main] WARNING com.objectaid.uml.util.EclipseHelper loadClass: cannot find com.objectaid.uml.addon.doc.TextLinkCreationEditPolicy in [], no license for [com.objectaid.uml.addon]
2013-04-11 18:20:42.157 [main] WARNING com.objectaid.uml.util.EclipseHelper loadClass: cannot find com.objectaid.uml.addon.doc.TextLinkCreationEditPolicy in [], no license for [com.objectaid.uml.addon]
2013-04-11 18:20:48.378 [main] WARNING com.objectaid.uml.util.EclipseHelper loadClass: cannot find com.objectaid.uml.addon.doc.TextLinkCreationEditPolicy in [], no license for [com.objectaid.uml.addon]
2013-04-11 18:20:48.382 [main] WARNING com.objectaid.uml.util.EclipseHelper loadClass: cannot find com.objectaid.uml.addon.doc.TextLinkCreationEditPolicy in [], no license for [com.objectaid.uml.addon]
2013-04-11 18:20:48.383 [main] WARNING com.objectaid.uml.util.EclipseHelper loadClass: cannot find com.objectaid.uml.addon.doc.TextLinkCreationEditPolicy in [], no license for [com.objectaid.uml.addon]
2013-04-11 18:20:48.384 [main] WARNING com.objectaid.uml.util.EclipseHelper loadClass: cannot find com.objectaid.uml.addon.doc.TextLinkCreationEditPolicy in [], no license for [com.objectaid.uml.addon]
2013-04-11 18:20:48.385 [main] WARNING com.objectaid.uml.util.EclipseHelper loadClass: cannot find com.objectaid.uml.addon.doc.TextLinkCreationEditPolicy in [], no license for [com.objectaid.uml.addon]
2013-04-11 18:20:48.386 [main] WARNING com.objectaid.uml.util.EclipseHelper loadClass: cannot find com.objectaid.uml.addon.doc.TextLinkCreationEditPolicy in [], no license for [com.objectaid.uml.addon]
2013-04-11 18:20:48.387 [main] WARNING com.objectaid.uml.util.EclipseHelper loadClass: cannot find com.objectaid.uml.addon.doc.TextLinkCreationEditPolicy in [], no license for [com.objectaid.uml.addon]
2013-04-11 18:21:21.360 [main] WARNING com.objectaid.uml.util.EclipseHelper loadClass: cannot find com.objectaid.uml.addon.doc.TextLinkCreationEditPolicy in [], no license for [com.objectaid.uml.addon]
2013-04-11 18:21:21.365 [main] WARNING com.objectaid.uml.util.EclipseHelper loadClass: cannot find com.objectaid.uml.addon.doc.TextLinkCreationEditPolicy in [], no license for [com.objectaid.uml.addon]
2013-04-11 18:21:21.366 [main] WARNING com.objectaid.uml.util.EclipseHelper loadClass: cannot find com.objectaid.uml.addon.doc.TextLinkCreationEditPolicy in [], no license for [com.objectaid.uml.addon]
2013-04-11 18:21:21.371 [main] WARNING com.objectaid.uml.util.EclipseHelper loadClass: cannot find com.objectaid.uml.addon.edit.MultiplicityDirectEditPolicy in [], no license for [com.objectaid.uml.addon]
2013-04-11 18:21:32.759 [main] WARNING com.objectaid.uml.util.EclipseHelper loadClass: cannot find com.objectaid.uml.addon.doc.TextLinkCreationEditPolicy in [], no license for [com.objectaid.uml.addon]
2013-04-11 18:21:32.762 [main] WARNING com.objectaid.uml.util.EclipseHelper loadClass: cannot find com.objectaid.uml.addon.doc.TextLinkCreationEditPolicy in [], no license for [com.objectaid.uml.addon]
2013-04-11 18:21:32.763 [main] WARNING com.objectaid.uml.util.EclipseHelper loadClass: cannot find com.objectaid.uml.addon.edit.MultiplicityDirectEditPolicy in [], no license for [com.objectaid.uml.addon]
2013-04-11 18:21:32.764 [main] WARNING com.objectaid.uml.util.EclipseHelper loadClass: cannot find com.objectaid.uml.addon.doc.TextLinkCreationEditPolicy in [], no license for [com.objectaid.uml.addon]
2013-04-11 18:21:32.764 [main] WARNING com.objectaid.uml.util.EclipseHelper loadClass: cannot find com.objectaid.uml.addon.doc.TextLinkCreationEditPolicy in [], no license for [com.objectaid.uml.addon]
2013-04-11 18:22:49.649 [main] INFO    com.objectaid.uml.util.extend.ExecutableExtensionManager loadExtensions: found com.objectaid.uml.accessors=com.objectaid.uml.model.accessor.ReflectionAccessor
2013-04-11 18:22:49.651 [main] INFO    com.objectaid.uml.util.extend.ExecutableExtensionManager loadExtensions: found com.objectaid.uml.accessors=com.objectaid.uml.model.accessor.ReflectionAccessor
2013-04-11 18:22:49.652 [main] INFO    com.objectaid.uml.util.extend.ExecutableExtensionManager loadExtensions: found com.objectaid.uml.accessors=com.objectaid.uml.model.accessor.ReflectionAccessor
2013-04-11 18:22:49.652 [main] INFO    com.objectaid.uml.util.extend.ExecutableExtensionManager loadExtensions: found com.objectaid.uml.accessors=com.objectaid.uml.model.accessor.ReflectionAccessor
2013-04-11 18:22:49.652 [main] WARNING com.objectaid.uml.util.EclipseHelper loadClass: cannot find com.objectaid.uml.model.accessor.ReflectionAccessor in [], no license for [com.objectaid.uml.addon]
2013-04-11 18:22:49.652 [main] INFO    com.objectaid.uml.util.extend.ExecutableExtensionManager loadExtensions: found com.objectaid.uml.accessors=com.objectaid.uml.model.accessor.ReflectionAccessor but cannot load class
2013-04-11 18:22:49.653 [main] WARNING com.objectaid.uml.util.EclipseHelper loadClass: cannot find com.objectaid.uml.model.accessor.ReflectionAccessor in [], no license for [com.objectaid.uml.addon]
2013-04-11 18:22:49.653 [main] INFO    com.objectaid.uml.util.extend.ExecutableExtensionManager loadExtensions: found com.objectaid.uml.accessors=com.objectaid.uml.model.accessor.ReflectionAccessor but cannot load class
2013-04-11 18:22:49.653 [main] WARNING com.objectaid.uml.util.EclipseHelper loadClass: cannot find com.objectaid.uml.model.accessor.ReflectionAccessor in [], no license for [com.objectaid.uml.addon]
2013-04-11 18:22:49.653 [main] INFO    com.objectaid.uml.util.extend.ExecutableExtensionManager loadExtensions: found com.objectaid.uml.accessors=com.objectaid.uml.model.accessor.ReflectionAccessor but cannot load class
2013-04-11 18:22:49.654 [main] WARNING com.objectaid.uml.util.EclipseHelper loadClass: cannot find com.objectaid.uml.model.accessor.ReflectionAccessor in [], no license for [com.objectaid.uml.addon]
2013-04-11 18:22:49.654 [main] INFO    com.objectaid.uml.util.extend.ExecutableExtensionManager loadExtensions: found com.objectaid.uml.accessors=com.objectaid.uml.model.accessor.ReflectionAccessor but cannot load class
2013-04-11 18:22:49.654 [main] WARNING com.objectaid.uml.util.EclipseHelper loadClass: cannot find com.objectaid.uml.model.accessor.ReflectionAccessor in [], no license for [com.objectaid.uml.addon]
2013-04-11 18:22:49.654 [main] INFO    com.objectaid.uml.util.extend.ExecutableExtensionManager loadExtensions: found com.objectaid.uml.accessors=com.objectaid.uml.model.accessor.ReflectionAccessor but cannot load class
2013-04-11 18:22:49.655 [main] INFO    com.objectaid.uml.util.extend.ExecutableExtensionManager loadExtensions: found com.objectaid.uml.accessors=com.objectaid.uml.model.accessor.ReflectionAccessor
2013-04-11 18:22:49.655 [main] INFO    com.objectaid.uml.util.extend.ExecutableExtensionManager loadExtensions: found com.objectaid.uml.accessors=com.objectaid.uml.model.accessor.ReflectionAccessor
2013-04-11 18:22:49.655 [main] INFO    com.objectaid.uml.util.extend.ExecutableExtensionManager loadExtensions: found com.objectaid.uml.accessors=com.objectaid.uml.model.accessor.ReflectionAccessor
2013-04-11 18:22:49.655 [main] INFO    com.objectaid.uml.util.extend.ExecutableExtensionManager loadExtensions: found com.objectaid.uml.accessors=com.objectaid.uml.model.accessor.ReflectionAccessor
2013-04-11 18:22:49.656 [main] INFO    com.objectaid.uml.util.extend.ExecutableExtensionManager loadExtensions: found com.objectaid.uml.accessors=com.objectaid.uml.model.accessor.ReflectionAccessor
2013-04-11 18:22:49.656 [main] INFO    com.objectaid.uml.util.extend.ExecutableExtensionManager loadExtensions: found com.objectaid.uml.accessors=com.objectaid.uml.model.accessor.ReflectionAccessor
2013-04-11 18:22:49.656 [main] INFO    com.objectaid.uml.util.extend.ExecutableExtensionManager loadExtensions: found com.objectaid.uml.accessors=com.objectaid.uml.model.accessor.ReflectionAccessor
2013-04-11 18:22:49.657 [main] INFO    com.objectaid.uml.util.extend.ExecutableExtensionManager loadExtensions: found com.objectaid.uml.accessors=com.objectaid.uml.model.accessor.ReflectionAccessor
2013-04-11 18:22:49.657 [main] INFO    com.objectaid.uml.util.extend.ExecutableExtensionManager loadExtensions: found com.objectaid.uml.accessors=com.objectaid.uml.model.accessor.ReflectionAccessor
2013-04-11 18:22:49.657 [main] INFO    com.objectaid.uml.util.extend.ExecutableExtensionManager loadExtensions: found com.objectaid.uml.accessors=com.objectaid.uml.model.accessor.ReflectionAccessor
2013-04-11 18:22:49.658 [main] INFO    com.objectaid.uml.util.extend.ExecutableExtensionManager loadExtensions: found com.objectaid.uml.accessors=com.objectaid.uml.model.accessor.ReflectionAccessor
2013-04-11 18:22:49.658 [main] INFO    com.objectaid.uml.util.extend.ExecutableExtensionManager loadExtensions: found com.objectaid.uml.accessors=com.objectaid.uml.model.accessor.ReflectionAccessor
2013-04-11 18:22:49.659 [main] INFO    com.objectaid.uml.util.extend.ExecutableExtensionManager loadExtensions: found com.objectaid.uml.accessors=com.objectaid.uml.model.accessor.ReflectionAccessor
2013-04-11 18:22:49.659 [main] INFO    com.objectaid.uml.util.extend.ExecutableExtensionManager loadExtensions: found com.objectaid.uml.accessors=com.objectaid.uml.model.accessor.ReflectionAccessor
2013-04-11 18:22:49.659 [main] INFO    com.objectaid.uml.util.extend.ExecutableExtensionManager loadExtensions: found com.objectaid.uml.accessors=com.objectaid.uml.model.accessor.ReflectionAccessor
2013-04-11 18:22:49.660 [main] INFO    com.objectaid.uml.util.extend.ExecutableExtensionManager loadExtensions: found com.objectaid.uml.accessors=com.objectaid.uml.model.accessor.ReflectionAccessor
2013-04-11 18:22:49.660 [main] INFO    com.objectaid.uml.util.extend.ExecutableExtensionManager loadExtensions: found com.objectaid.uml.accessors=com.objectaid.uml.model.accessor.ReflectionAccessor
2013-04-11 18:22:49.660 [main] INFO    com.objectaid.uml.util.extend.ExecutableExtensionManager loadExtensions: found com.objectaid.uml.accessors=com.objectaid.uml.model.accessor.ReflectionAccessor
2013-04-11 18:22:49.661 [main] INFO    com.objectaid.uml.util.extend.ExecutableExtensionManager loadExtensions: found com.objectaid.uml.accessors=com.objectaid.uml.model.accessor.ReflectionAccessor
2013-04-11 18:22:49.661 [main] INFO    com.objectaid.uml.util.extend.ExecutableExtensionManager loadExtensions: found com.objectaid.uml.accessors=com.objectaid.uml.model.accessor.ReflectionAccessor
2013-04-11 18:22:49.661 [main] INFO    com.objectaid.uml.util.extend.ExecutableExtensionManager loadExtensions: found com.objectaid.uml.accessors=com.objectaid.uml.model.accessor.ReflectionAccessor
2013-04-11 18:22:49.661 [main] INFO    com.objectaid.uml.util.extend.ExecutableExtensionManager loadExtensions: found com.objectaid.uml.accessors=com.objectaid.uml.model.accessor.ReflectionAccessor
2013-04-11 18:22:49.662 [main] INFO    com.objectaid.uml.util.extend.ExecutableExtensionManager loadExtensions: found com.objectaid.uml.accessors=com.objectaid.uml.model.accessor.ReflectionAccessor
2013-04-11 18:22:49.662 [main] INFO    com.objectaid.uml.util.extend.ExecutableExtensionManager loadExtensions: found com.objectaid.uml.accessors=com.objectaid.uml.model.accessor.ReflectionAccessor
2013-04-11 18:22:49.662 [main] INFO    com.objectaid.uml.util.extend.ExecutableExtensionManager loadExtensions: found com.objectaid.uml.accessors=com.objectaid.uml.model.accessor.ReflectionAccessor
2013-04-11 18:22:49.663 [main] INFO    com.objectaid.uml.util.extend.ExecutableExtensionManager loadExtensions: found com.objectaid.uml.accessors=com.objectaid.uml.model.accessor.ReflectionAccessor
2013-04-11 18:22:49.663 [main] INFO    com.objectaid.uml.util.extend.ExecutableExtensionManager loadExtensions: found com.objectaid.uml.accessors=com.objectaid.uml.model.accessor.ReflectionAccessor
2013-04-11 18:22:49.663 [main] INFO    com.objectaid.uml.util.extend.ExecutableExtensionManager loadExtensions: found com.objectaid.uml.accessors=com.objectaid.uml.model.accessor.ReflectionAccessor
2013-04-11 18:22:49.664 [main] INFO    com.objectaid.uml.util.extend.ExecutableExtensionManager loadExtensions: found com.objectaid.uml.accessors=com.objectaid.uml.model.accessor.ReflectionAccessor
2013-04-11 18:22:49.664 [main] INFO    com.objectaid.uml.util.extend.ExecutableExtensionManager loadExtensions: found com.objectaid.uml.accessors=com.objectaid.uml.model.accessor.ReflectionAccessor
2013-04-11 18:22:49.664 [main] INFO    com.objectaid.uml.util.extend.ExecutableExtensionManager loadExtensions: found com.objectaid.uml.accessors=com.objectaid.uml.model.accessor.ReflectionAccessor
2013-04-11 18:22:49.664 [main] INFO    com.objectaid.uml.util.extend.ExecutableExtensionManager loadExtensions: found com.objectaid.uml.accessors=com.objectaid.uml.model.accessor.ReflectionAccessor
2013-04-11 18:22:49.665 [main] WARNING com.objectaid.uml.controller.delegate.ReflectionAccessorActionDelegate getAccessor: cannot find accessor for action show-property-accessors
2013-04-11 18:22:49.896 [main] WARNING com.objectaid.uml.controller.delegate.ReflectionAccessorActionDelegate getAccessor: cannot find accessor for action automatic-image-SVG
2013-04-11 18:22:49.966 [main] WARNING com.objectaid.uml.controller.delegate.ReflectionAccessorActionDelegate getAccessor: cannot find accessor for action automatic-image-PDF
